[  0%] Built target roscpp_generate_messages_eus
[  0%] Built target std_msgs_generate_messages_lisp
[  0%] Built target std_msgs_generate_messages_eus
[  0%] Built target geometry_msgs_generate_messages_lisp
[  0%] Built target geometry_msgs_generate_messages_nodejs
[  0%] Built target std_msgs_generate_messages_cpp
[  0%] Built target roscpp_generate_messages_nodejs
[  0%] Built target geometry_msgs_generate_messages_cpp
[  0%] Built target rosgraph_msgs_generate_messages_py
[  0%] Built target roscpp_generate_messages_lisp
[  0%] Built target geometry_msgs_generate_messages_py
[  0%] Built target roscpp_generate_messages_cpp
[  0%] Built target geometry_msgs_generate_messages_eus
[  0%] Built target std_msgs_generate_messages_nodejs
[  0%] Built target roscpp_generate_messages_py
[  0%] Built target std_msgs_generate_messages_py
[  0%] Built target rosgraph_msgs_generate_messages_lisp
[  0%] Built target rosgraph_msgs_generate_messages_eus
[  0%] Built target rosgraph_msgs_generate_messages_nodejs
[  0%] Built target rosgraph_msgs_generate_messages_cpp
[35m[1mScanning dependencies of target map_node[0m
[ 50%] [32mBuilding CXX object CMakeFiles/map_node.dir/src/map_node.cpp.o[0m
[01m[K/home/lattinone/catkin_ws/simple_planner_ws/src/map/src/map_node.cpp:11:2:[m[K [01;31m[Kerror: [m[Kexpected ‘[01m[K;[m[K’ after class definition
   11 | }
      |  [01;31m[K^[m[K
      |  [32m[K;[m[K
[01m[K/home/lattinone/catkin_ws/simple_planner_ws/src/map/src/map_node.cpp:[m[K In constructor ‘[01m[KMap::Map(ros::NodeHandle&)[m[K’:
[01m[K/home/lattinone/catkin_ws/simple_planner_ws/src/map/src/map_node.cpp:9:18:[m[K [01;31m[Kerror: [m[Krequest for member ‘[01m[Kn[m[K’ in ‘[01m[K(Map*)this[m[K’, which is of pointer type ‘[01m[KMap*[m[K’ (maybe you meant to use ‘[01m[K->[m[K’ ?)
    9 |             this.[01;31m[Kn[m[K = n;
      |                  [01;31m[K^[m[K
make[2]: *** [CMakeFiles/map_node.dir/build.make:63: CMakeFiles/map_node.dir/src/map_node.cpp.o] Error 1
make[1]: *** [CMakeFiles/Makefile2:800: CMakeFiles/map_node.dir/all] Error 2
make: *** [Makefile:141: all] Error 2
