[01m[K/home/lattinone/catkin_ws/simple_planner_ws/src/simple_planner/src/main_node.cpp:[m[K In function ‘[01m[Kvoid mapCallback()[m[K’:
[01m[K/home/lattinone/catkin_ws/simple_planner_ws/src/simple_planner/src/main_node.cpp:9:1:[m[K [01;31m[Kerror: [m[Kexpected ‘[01m[K;[m[K’ before ‘[01m[K}[m[K’ token
    9 | [01;31m[K}[m[K
      | [01;31m[K^[m[K
[01m[K/home/lattinone/catkin_ws/simple_planner_ws/src/simple_planner/src/main_node.cpp:[m[K In function ‘[01m[Kint main(int, char**)[m[K’:
[01m[K/home/lattinone/catkin_ws/simple_planner_ws/src/simple_planner/src/main_node.cpp:15:16:[m[K [01;31m[Kerror: [m[Kexpected ‘[01m[K;[m[K’ before ‘[01m[Kdo[m[K’
   15 |     n.subscribe
      |                [01;31m[K^[m[K
      |                [32m[K;[m[K
[01m[K/home/lattinone/catkin_ws/simple_planner_ws/src/simple_planner/src/main_node.cpp:15:7:[m[K [01;31m[Kerror: [m[Kstatement cannot resolve address of overloaded function
   15 |     [01;31m[Kn.subscribe[m[K
      |     [01;31m[K~~^~~~~~~~~[m[K
[01m[K/home/lattinone/catkin_ws/simple_planner_ws/src/simple_planner/src/main_node.cpp:18:45:[m[K [01;31m[Kerror: [m[Kexpected primary-expression before ‘[01m[K)[m[K’ token
   18 |     n.subscribe("nodo non esistente", 1000, [01;31m[K)[m[K
      |                                             [01;31m[K^[m[K
[01m[K/home/lattinone/catkin_ws/simple_planner_ws/src/simple_planner/src/main_node.cpp:[m[K In function ‘[01m[Kvoid mapCallback()[m[K’:
[01m[K/home/lattinone/catkin_ws/simple_planner_ws/src/simple_planner/src/main_node.cpp:9:1:[m[K [01;31m[Kerror: [m[Kexpected ‘[01m[K;[m[K’ before ‘[01m[K}[m[K’ token
    9 | [01;31m[K}[m[K
      | [01;31m[K^[m[K
[01m[K/home/lattinone/catkin_ws/simple_planner_ws/src/simple_planner/src/main_node.cpp:[m[K In function ‘[01m[Kint main(int, char**)[m[K’:
[01m[K/home/lattinone/catkin_ws/simple_planner_ws/src/simple_planner/src/main_node.cpp:15:16:[m[K [01;31m[Kerror: [m[Kexpected ‘[01m[K;[m[K’ before ‘[01m[Kdo[m[K’
   15 |     n.subscribe
      |                [01;31m[K^[m[K
      |                [32m[K;[m[K
[01m[K/home/lattinone/catkin_ws/simple_planner_ws/src/simple_planner/src/main_node.cpp:15:7:[m[K [01;31m[Kerror: [m[Kstatement cannot resolve address of overloaded function
   15 |     [01;31m[Kn.subscribe[m[K
      |     [01;31m[K~~^~~~~~~~~[m[K
[01m[K/home/lattinone/catkin_ws/simple_planner_ws/src/simple_planner/src/main_node.cpp:18:45:[m[K [01;31m[Kerror: [m[Kexpected primary-expression before ‘[01m[K)[m[K’ token
   18 |     n.subscribe("nodo non esistente", 1000, [01;31m[K)[m[K
      |                                             [01;31m[K^[m[K
[01m[K/home/lattinone/catkin_ws/simple_planner_ws/src/simple_planner/src/main_node.cpp:[m[K In function ‘[01m[Kvoid mapCallback()[m[K’:
[01m[K/home/lattinone/catkin_ws/simple_planner_ws/src/simple_planner/src/main_node.cpp:9:1:[m[K [01;31m[Kerror: [m[Kexpected ‘[01m[K;[m[K’ before ‘[01m[K}[m[K’ token
    9 | [01;31m[K}[m[K
      | [01;31m[K^[m[K
[01m[K/home/lattinone/catkin_ws/simple_planner_ws/src/simple_planner/src/main_node.cpp:[m[K In function ‘[01m[Kint main(int, char**)[m[K’:
[01m[K/home/lattinone/catkin_ws/simple_planner_ws/src/simple_planner/src/main_node.cpp:15:16:[m[K [01;31m[Kerror: [m[Kexpected ‘[01m[K;[m[K’ before ‘[01m[Kdo[m[K’
   15 |     n.subscribe
      |                [01;31m[K^[m[K
      |                [32m[K;[m[K
[01m[K/home/lattinone/catkin_ws/simple_planner_ws/src/simple_planner/src/main_node.cpp:15:7:[m[K [01;31m[Kerror: [m[Kstatement cannot resolve address of overloaded function
   15 |     [01;31m[Kn.subscribe[m[K
      |     [01;31m[K~~^~~~~~~~~[m[K
[01m[K/home/lattinone/catkin_ws/simple_planner_ws/src/simple_planner/src/main_node.cpp:18:45:[m[K [01;31m[Kerror: [m[Kexpected primary-expression before ‘[01m[K)[m[K’ token
   18 |     n.subscribe("nodo non esistente", 1000, [01;31m[K)[m[K
      |                                             [01;31m[K^[m[K
make[2]: *** [CMakeFiles/renderer_node.dir/build.make:63: CMakeFiles/renderer_node.dir/src/main_node.cpp.o] Error 1
make[1]: *** [CMakeFiles/Makefile2:1221: CMakeFiles/renderer_node.dir/all] Error 2
make[1]: *** Waiting for unfinished jobs....
make[2]: *** [CMakeFiles/planner_node.dir/build.make:63: CMakeFiles/planner_node.dir/src/main_node.cpp.o] Error 1
make[1]: *** [CMakeFiles/Makefile2:1707: CMakeFiles/planner_node.dir/all] Error 2
make[2]: *** [CMakeFiles/main_node.dir/build.make:63: CMakeFiles/main_node.dir/src/main_node.cpp.o] Error 1
make[1]: *** [CMakeFiles/Makefile2:1383: CMakeFiles/main_node.dir/all] Error 2
make: *** [Makefile:141: all] Error 2
