[36m--[0m Using CATKIN_DEVEL_PREFIX: /home/lattinone/catkin_ws/simple_planner_ws/devel/.private/simple_planner
[36m--[0m Using CMAKE_PREFIX_PATH: /home/lattinone/catkin_ws/simple_planner_ws/devel;/opt/ros/noetic
[36m--[0m This workspace overlays: /home/lattinone/catkin_ws/simple_planner_ws/devel;/opt/ros/noetic
[36m--[0m Found PythonInterp: /usr/bin/python3 (found suitable version "3.8.10", minimum required is "3")
[36m--[0m Using PYTHON_EXECUTABLE: /usr/bin/python3
[36m--[0m Using Debian Python package layout
[36m--[0m Using empy: /usr/lib/python3/dist-packages/em.py
[36m--[0m Using CATKIN_ENABLE_TESTING: ON
[36m--[0m Call enable_testing()
[36m--[0m Using CATKIN_TEST_RESULTS_DIR: /home/lattinone/catkin_ws/simple_planner_ws/build/simple_planner/test_results
[36m--[0m Forcing gtest/gmock from source, though one was otherwise available.
[36m--[0m Found gtest sources under '/usr/src/googletest': gtests will be built
[36m--[0m Found gmock sources under '/usr/src/googletest': gmock will be built
[36m--[0m Found PythonInterp: /usr/bin/python3 (found version "3.8.10")
[36m--[0m Using Python nosetests: /usr/bin/nosetests3
[36m--[0m catkin 0.8.10
[36m--[0m BUILD_SHARED_LIBS is on
[36m--[0m Using these message generators: gencpp;geneus;genlisp;gennodejs;genpy
[36m--[0m Configuring done
[31m[1mCMake Error[0m at /home/lattinone/catkin_ws/simple_planner_ws/src/simple_planner/CMakeLists.txt:126 (add_library):
  Cannot find source file:

    src/planner_node.cpp

  Tried extensions .c .C .c++ .cc .cpp .cxx .cu .m .M .mm .h .hh .h++ .hm
  .hpp .hxx .in .txx


[31m[1mCMake Error[0m at /home/lattinone/catkin_ws/simple_planner_ws/src/simple_planner/CMakeLists.txt:126 (add_library):
  No SOURCES given to target: simple_planner


CMake Generate step failed.  Build files cannot be regenerated correctly.
make: *** [Makefile:1078: cmake_check_build_system] Error 1
