/usr/bin/ld: CMakeFiles/planner_node.dir/src/main_node.cpp.o: in function `MapListener::MapListener(ros::NodeHandle&)':
main_node.cpp:(.text._ZN11MapListenerC2ERN3ros10NodeHandleE[_ZN11MapListenerC5ERN3ros10NodeHandleE]+0x5f): undefined reference to `PlanningAlg::PlanningAlg()'
/usr/bin/ld: CMakeFiles/planner_node.dir/src/main_node.cpp.o: in function `MapListener::Path_planning()':
main_node.cpp:(.text._ZN11MapListener13Path_planningEv[_ZN11MapListener13Path_planningEv]+0x88): undefined reference to `PlanningAlg::planPath(geometry_msgs::PoseWithCovarianceStamped_<std::allocator<void> > const&, geometry_msgs::PoseStamped_<std::allocator<void> > const&, nav_msgs::OccupancyGrid_<std::allocator<void> > const&)'
collect2: error: ld returned 1 exit status
make[2]: *** [CMakeFiles/planner_node.dir/build.make:106: /home/lattinone/catkin_ws/simple_planner_ws/devel/.private/simple_planner/lib/simple_planner/planner_node] Error 1
make[1]: *** [CMakeFiles/Makefile2:1707: CMakeFiles/planner_node.dir/all] Error 2
make[1]: *** Waiting for unfinished jobs....
/usr/bin/ld: CMakeFiles/renderer_node.dir/src/main_node.cpp.o: in function `MapListener::MapListener(ros::NodeHandle&)':
main_node.cpp:(.text._ZN11MapListenerC2ERN3ros10NodeHandleE[_ZN11MapListenerC5ERN3ros10NodeHandleE]+0x5f): undefined reference to `PlanningAlg::PlanningAlg()'
/usr/bin/ld: CMakeFiles/renderer_node.dir/src/main_node.cpp.o: in function `MapListener::Path_planning()':
main_node.cpp:(.text._ZN11MapListener13Path_planningEv[_ZN11MapListener13Path_planningEv]+0x88): undefined reference to `PlanningAlg::planPath(geometry_msgs::PoseWithCovarianceStamped_<std::allocator<void> > const&, geometry_msgs::PoseStamped_<std::allocator<void> > const&, nav_msgs::OccupancyGrid_<std::allocator<void> > const&)'
collect2: error: ld returned 1 exit status
make[2]: *** [CMakeFiles/renderer_node.dir/build.make:106: /home/lattinone/catkin_ws/simple_planner_ws/devel/.private/simple_planner/lib/simple_planner/renderer_node] Error 1
make[1]: *** [CMakeFiles/Makefile2:1221: CMakeFiles/renderer_node.dir/all] Error 2
/usr/bin/ld: CMakeFiles/main_node.dir/src/main_node.cpp.o: in function `MapListener::MapListener(ros::NodeHandle&)':
main_node.cpp:(.text._ZN11MapListenerC2ERN3ros10NodeHandleE[_ZN11MapListenerC5ERN3ros10NodeHandleE]+0x5f): undefined reference to `PlanningAlg::PlanningAlg()'
/usr/bin/ld: CMakeFiles/main_node.dir/src/main_node.cpp.o: in function `MapListener::Path_planning()':
main_node.cpp:(.text._ZN11MapListener13Path_planningEv[_ZN11MapListener13Path_planningEv]+0x88): undefined reference to `PlanningAlg::planPath(geometry_msgs::PoseWithCovarianceStamped_<std::allocator<void> > const&, geometry_msgs::PoseStamped_<std::allocator<void> > const&, nav_msgs::OccupancyGrid_<std::allocator<void> > const&)'
collect2: error: ld returned 1 exit status
make[2]: *** [CMakeFiles/main_node.dir/build.make:106: /home/lattinone/catkin_ws/simple_planner_ws/devel/.private/simple_planner/lib/simple_planner/main_node] Error 1
make[1]: *** [CMakeFiles/Makefile2:1383: CMakeFiles/main_node.dir/all] Error 2
make: *** [Makefile:141: all] Error 2
