[01m[K/home/lattinone/catkin_ws/simple_planner_ws/src/simple_planner/src/main_node.cpp:9:10:[m[K [01;31m[Kfatal error: [m[Kmap_display.h: No such file or directory
    9 | #include [01;31m[K<map_display.h>[m[K // https://docs.ros.org/en/noetic/api/rviz/html/c++/classrviz_1_1MapDisplay.html#details
      |          [01;31m[K^~~~~~~~~~~~~~~[m[K
compilation terminated.
[01m[K/home/lattinone/catkin_ws/simple_planner_ws/src/simple_planner/src/main_node.cpp:9:10:[m[K [01;31m[Kfatal error: [m[Kmap_display.h: No such file or directory
    9 | #include [01;31m[K<map_display.h>[m[K // https://docs.ros.org/en/noetic/api/rviz/html/c++/classrviz_1_1MapDisplay.html#details
      |          [01;31m[K^~~~~~~~~~~~~~~[m[K
compilation terminated.
make[2]: *** [CMakeFiles/renderer_node.dir/build.make:63: CMakeFiles/renderer_node.dir/src/main_node.cpp.o] Error 1
make[1]: *** [CMakeFiles/Makefile2:1221: CMakeFiles/renderer_node.dir/all] Error 2
make[1]: *** Waiting for unfinished jobs....
make[2]: *** [CMakeFiles/planner_node.dir/build.make:63: CMakeFiles/planner_node.dir/src/main_node.cpp.o] Error 1
make[1]: *** [CMakeFiles/Makefile2:1707: CMakeFiles/planner_node.dir/all] Error 2
[01m[K/home/lattinone/catkin_ws/simple_planner_ws/src/simple_planner/src/main_node.cpp:9:10:[m[K [01;31m[Kfatal error: [m[Kmap_display.h: No such file or directory
    9 | #include [01;31m[K<map_display.h>[m[K // https://docs.ros.org/en/noetic/api/rviz/html/c++/classrviz_1_1MapDisplay.html#details
      |          [01;31m[K^~~~~~~~~~~~~~~[m[K
compilation terminated.
make[2]: *** [CMakeFiles/main_node.dir/build.make:63: CMakeFiles/main_node.dir/src/main_node.cpp.o] Error 1
make[1]: *** [CMakeFiles/Makefile2:1383: CMakeFiles/main_node.dir/all] Error 2
make: *** [Makefile:141: all] Error 2
