[01m[K/home/lattinone/catkin_ws/simple_planner_ws/src/simple_planner/src/main_node.cpp:[m[K In function ‘[01m[Kvoid mapCallback()[m[K’:
[01m[K/home/lattinone/catkin_ws/simple_planner_ws/src/simple_planner/src/main_node.cpp:9:1:[m[K [01;31m[Kerror: [m[Kexpected ‘[01m[K;[m[K’ before ‘[01m[K}[m[K’ token
    9 | [01;31m[K}[m[K
      | [01;31m[K^[m[K
[01m[K/home/lattinone/catkin_ws/simple_planner_ws/src/simple_planner/src/main_node.cpp:[m[K In function ‘[01m[Kvoid mapCallback()[m[K’:
[01m[K/home/lattinone/catkin_ws/simple_planner_ws/src/simple_planner/src/main_node.cpp:9:1:[m[K [01;31m[Kerror: [m[Kexpected ‘[01m[K;[m[K’ before ‘[01m[K}[m[K’ token
    9 | [01;31m[K}[m[K
      | [01;31m[K^[m[K
[01m[K/home/lattinone/catkin_ws/simple_planner_ws/src/simple_planner/src/main_node.cpp:[m[K In function ‘[01m[Kvoid mapCallback()[m[K’:
[01m[K/home/lattinone/catkin_ws/simple_planner_ws/src/simple_planner/src/main_node.cpp:9:1:[m[K [01;31m[Kerror: [m[Kexpected ‘[01m[K;[m[K’ before ‘[01m[K}[m[K’ token
    9 | [01;31m[K}[m[K
      | [01;31m[K^[m[K
[01m[K/home/lattinone/catkin_ws/simple_planner_ws/src/simple_planner/src/main_node.cpp:[m[K In function ‘[01m[Kint main(int, char**)[m[K’:
[01m[K/home/lattinone/catkin_ws/simple_planner_ws/src/simple_planner/src/main_node.cpp:15:16:[m[K [01;31m[Kerror: [m[Kexpected ‘[01m[K;[m[K’ before ‘[01m[Kdo[m[K’
   15 |     n.subscribe
      |                [01;31m[K^[m[K
      |                [32m[K;[m[K
[01m[K/home/lattinone/catkin_ws/simple_planner_ws/src/simple_planner/src/main_node.cpp:[m[K In function ‘[01m[Kint main(int, char**)[m[K’:
[01m[K/home/lattinone/catkin_ws/simple_planner_ws/src/simple_planner/src/main_node.cpp:15:16:[m[K [01;31m[Kerror: [m[Kexpected ‘[01m[K;[m[K’ before ‘[01m[Kdo[m[K’
   15 |     n.subscribe
      |                [01;31m[K^[m[K
      |                [32m[K;[m[K
[01m[K/home/lattinone/catkin_ws/simple_planner_ws/src/simple_planner/src/main_node.cpp:15:7:[m[K [01;31m[Kerror: [m[Kstatement cannot resolve address of overloaded function
   15 |     [01;31m[Kn.subscribe[m[K
      |     [01;31m[K~~^~~~~~~~~[m[K
[01m[K/home/lattinone/catkin_ws/simple_planner_ws/src/simple_planner/src/main_node.cpp:15:7:[m[K [01;31m[Kerror: [m[Kstatement cannot resolve address of overloaded function
   15 |     [01;31m[Kn.subscribe[m[K
      |     [01;31m[K~~^~~~~~~~~[m[K
[01m[K/home/lattinone/catkin_ws/simple_planner_ws/src/simple_planner/src/main_node.cpp:18:57:[m[K [01;31m[Kerror: [m[Kno matching function for call to ‘[01m[Kros::NodeHandle::subscribe(const char [19], int, void (*)())[m[K’
   18 |     n.subscribe("nodo non esistente", 1000, &mapCallback[01;31m[K)[m[K;
      |                                                         [01;31m[K^[m[K
[01m[K/home/lattinone/catkin_ws/simple_planner_ws/src/simple_planner/src/main_node.cpp:18:57:[m[K [01;31m[Kerror: [m[Kno matching function for call to ‘[01m[Kros::NodeHandle::subscribe(const char [19], int, void (*)())[m[K’
   18 |     n.subscribe("nodo non esistente", 1000, &mapCallback[01;31m[K)[m[K;
      |                                                         [01;31m[K^[m[K
In file included from [01m[K/opt/ros/noetic/include/ros/ros.h:45[m[K,
                 from [01m[K/home/lattinone/catkin_ws/simple_planner_ws/src/simple_planner/src/main_node.cpp:3[m[K:
[01m[K/opt/ros/noetic/include/ros/node_handle.h:402:14:[m[K [01;36m[Knote: [m[Kcandidate: ‘[01m[Ktemplate<class M, class T> ros::Subscriber ros::NodeHandle::subscribe(const string&, uint32_t, void (T::*)(M), T*, const ros::TransportHints&)[m[K’
  402 |   Subscriber [01;36m[Ksubscribe[m[K(const std::string& topic, uint32_t queue_size, void(T::*fp)(M), T* obj,
      |              [01;36m[K^~~~~~~~~[m[K
In file included from [01m[K/opt/ros/noetic/include/ros/ros.h:45[m[K,
                 from [01m[K/home/lattinone/catkin_ws/simple_planner_ws/src/simple_planner/src/main_node.cpp:3[m[K:
[01m[K/opt/ros/noetic/include/ros/node_handle.h:402:14:[m[K [01;36m[Knote: [m[Kcandidate: ‘[01m[Ktemplate<class M, class T> ros::Subscriber ros::NodeHandle::subscribe(const string&, uint32_t, void (T::*)(M), T*, const ros::TransportHints&)[m[K’
  402 |   Subscriber [01;36m[Ksubscribe[m[K(const std::string& topic, uint32_t queue_size, void(T::*fp)(M), T* obj,
      |              [01;36m[K^~~~~~~~~[m[K
[01m[K/home/lattinone/catkin_ws/simple_planner_ws/src/simple_planner/src/main_node.cpp:[m[K In function ‘[01m[Kint main(int, char**)[m[K’:
[01m[K/home/lattinone/catkin_ws/simple_planner_ws/src/simple_planner/src/main_node.cpp:15:16:[m[K [01;31m[Kerror: [m[Kexpected ‘[01m[K;[m[K’ before ‘[01m[Kdo[m[K’
   15 |     n.subscribe
      |                [01;31m[K^[m[K
      |                [32m[K;[m[K
[01m[K/opt/ros/noetic/include/ros/node_handle.h:402:14:[m[K [01;36m[Knote: [m[K  template argument deduction/substitution failed:
[01m[K/opt/ros/noetic/include/ros/node_handle.h:402:14:[m[K [01;36m[Knote: [m[K  template argument deduction/substitution failed:
[01m[K/home/lattinone/catkin_ws/simple_planner_ws/src/simple_planner/src/main_node.cpp:15:7:[m[K [01;31m[Kerror: [m[Kstatement cannot resolve address of overloaded function
   15 |     [01;31m[Kn.subscribe[m[K
      |     [01;31m[K~~^~~~~~~~~[m[K
[01m[K/home/lattinone/catkin_ws/simple_planner_ws/src/simple_planner/src/main_node.cpp:18:57:[m[K [01;36m[Knote: [m[K  mismatched types ‘[01m[Kvoid (T::*)(M)[m[K’ and ‘[01m[Kvoid (*)()[m[K’
   18 |     n.subscribe("nodo non esistente", 1000, &mapCallback[01;36m[K)[m[K;
      |                                                         [01;36m[K^[m[K
[01m[K/home/lattinone/catkin_ws/simple_planner_ws/src/simple_planner/src/main_node.cpp:18:57:[m[K [01;36m[Knote: [m[K  mismatched types ‘[01m[Kvoid (T::*)(M)[m[K’ and ‘[01m[Kvoid (*)()[m[K’
   18 |     n.subscribe("nodo non esistente", 1000, &mapCallback[01;36m[K)[m[K;
      |                                                         [01;36m[K^[m[K
In file included from [01m[K/opt/ros/noetic/include/ros/ros.h:45[m[K,
                 from [01m[K/home/lattinone/catkin_ws/simple_planner_ws/src/simple_planner/src/main_node.cpp:3[m[K:
[01m[K/opt/ros/noetic/include/ros/node_handle.h:413:14:[m[K [01;36m[Knote: [m[Kcandidate: ‘[01m[Ktemplate<class M, class T> ros::Subscriber ros::NodeHandle::subscribe(const string&, uint32_t, void (T::*)(M) const, T*, const ros::TransportHints&)[m[K’
  413 |   Subscriber [01;36m[Ksubscribe[m[K(const std::string& topic, uint32_t queue_size, void(T::*fp)(M) const, T* obj,
      |              [01;36m[K^~~~~~~~~[m[K
[01m[K/opt/ros/noetic/include/ros/node_handle.h:413:14:[m[K [01;36m[Knote: [m[K  template argument deduction/substitution failed:
[01m[K/home/lattinone/catkin_ws/simple_planner_ws/src/simple_planner/src/main_node.cpp:18:57:[m[K [01;36m[Knote: [m[K  mismatched types ‘[01m[Kvoid (T::*)(M) const[m[K’ and ‘[01m[Kvoid (*)()[m[K’
   18 |     n.subscribe("nodo non esistente", 1000, &mapCallback[01;36m[K)[m[K;
      |                                                         [01;36m[K^[m[K
In file included from [01m[K/opt/ros/noetic/include/ros/ros.h:45[m[K,
                 from [01m[K/home/lattinone/catkin_ws/simple_planner_ws/src/simple_planner/src/main_node.cpp:3[m[K:
[01m[K/opt/ros/noetic/include/ros/node_handle.h:465:14:[m[K [01;36m[Knote: [m[Kcandidate: ‘[01m[Ktemplate<class M, class T> ros::Subscriber ros::NodeHandle::subscribe(const string&, uint32_t, void (T::*)(const boost::shared_ptr<const M>&), T*, const ros::TransportHints&)[m[K’
  465 |   Subscriber [01;36m[Ksubscribe[m[K(const std::string& topic, uint32_t queue_size,
      |              [01;36m[K^~~~~~~~~[m[K
[01m[K/opt/ros/noetic/include/ros/node_handle.h:465:14:[m[K [01;36m[Knote: [m[K  template argument deduction/substitution failed:
[01m[K/home/lattinone/catkin_ws/simple_planner_ws/src/simple_planner/src/main_node.cpp:18:57:[m[K [01;31m[Kerror: [m[Kno matching function for call to ‘[01m[Kros::NodeHandle::subscribe(const char [19], int, void (*)())[m[K’
   18 |     n.subscribe("nodo non esistente", 1000, &mapCallback[01;31m[K)[m[K;
      |                                                         [01;31m[K^[m[K
[01m[K/home/lattinone/catkin_ws/simple_planner_ws/src/simple_planner/src/main_node.cpp:18:57:[m[K [01;36m[Knote: [m[K  mismatched types ‘[01m[Kvoid (T::*)(const boost::shared_ptr<const M>&)[m[K’ and ‘[01m[Kvoid (*)()[m[K’
   18 |     n.subscribe("nodo non esistente", 1000, &mapCallback[01;36m[K)[m[K;
      |                                                         [01;36m[K^[m[K
In file included from [01m[K/opt/ros/noetic/include/ros/ros.h:45[m[K,
                 from [01m[K/home/lattinone/catkin_ws/simple_planner_ws/src/simple_planner/src/main_node.cpp:3[m[K:
[01m[K/opt/ros/noetic/include/ros/node_handle.h:475:14:[m[K [01;36m[Knote: [m[Kcandidate: ‘[01m[Ktemplate<class M, class T> ros::Subscriber ros::NodeHandle::subscribe(const string&, uint32_t, void (T::*)(const boost::shared_ptr<const M>&) const, T*, const ros::TransportHints&)[m[K’
  475 |   Subscriber [01;36m[Ksubscribe[m[K(const std::string& topic, uint32_t queue_size,
      |              [01;36m[K^~~~~~~~~[m[K
[01m[K/opt/ros/noetic/include/ros/node_handle.h:475:14:[m[K [01;36m[Knote: [m[K  template argument deduction/substitution failed:
[01m[K/home/lattinone/catkin_ws/simple_planner_ws/src/simple_planner/src/main_node.cpp:18:57:[m[K [01;36m[Knote: [m[K  mismatched types ‘[01m[Kvoid (T::*)(const boost::shared_ptr<const M>&) const[m[K’ and ‘[01m[Kvoid (*)()[m[K’
   18 |     n.subscribe("nodo non esistente", 1000, &mapCallback[01;36m[K)[m[K;
      |                                                         [01;36m[K^[m[K
In file included from [01m[K/opt/ros/noetic/include/ros/ros.h:45[m[K,
                 from [01m[K/home/lattinone/catkin_ws/simple_planner_ws/src/simple_planner/src/main_node.cpp:3[m[K:
[01m[K/opt/ros/noetic/include/ros/node_handle.h:529:14:[m[K [01;36m[Knote: [m[Kcandidate: ‘[01m[Ktemplate<class M, class T> ros::Subscriber ros::NodeHandle::subscribe(const string&, uint32_t, void (T::*)(M), const boost::shared_ptr<U>&, const ros::TransportHints&)[m[K’
  529 |   Subscriber [01;36m[Ksubscribe[m[K(const std::string& topic, uint32_t queue_size, void(T::*fp)(M),
      |              [01;36m[K^~~~~~~~~[m[K
In file included from [01m[K/opt/ros/noetic/include/ros/ros.h:45[m[K,
                 from [01m[K/home/lattinone/catkin_ws/simple_planner_ws/src/simple_planner/src/main_node.cpp:3[m[K:
[01m[K/opt/ros/noetic/include/ros/node_handle.h:413:14:[m[K [01;36m[Knote: [m[Kcandidate: ‘[01m[Ktemplate<class M, class T> ros::Subscriber ros::NodeHandle::subscribe(const string&, uint32_t, void (T::*)(M) const, T*, const ros::TransportHints&)[m[K’
  413 |   Subscriber [01;36m[Ksubscribe[m[K(const std::string& topic, uint32_t queue_size, void(T::*fp)(M) const, T* obj,
      |              [01;36m[K^~~~~~~~~[m[K
[01m[K/opt/ros/noetic/include/ros/node_handle.h:529:14:[m[K [01;36m[Knote: [m[K  template argument deduction/substitution failed:
[01m[K/opt/ros/noetic/include/ros/node_handle.h:413:14:[m[K [01;36m[Knote: [m[K  template argument deduction/substitution failed:
[01m[K/home/lattinone/catkin_ws/simple_planner_ws/src/simple_planner/src/main_node.cpp:18:57:[m[K [01;36m[Knote: [m[K  mismatched types ‘[01m[Kvoid (T::*)(M)[m[K’ and ‘[01m[Kvoid (*)()[m[K’
   18 |     n.subscribe("nodo non esistente", 1000, &mapCallback[01;36m[K)[m[K;
      |                                                         [01;36m[K^[m[K
[01m[K/home/lattinone/catkin_ws/simple_planner_ws/src/simple_planner/src/main_node.cpp:18:57:[m[K [01;36m[Knote: [m[K  mismatched types ‘[01m[Kvoid (T::*)(M) const[m[K’ and ‘[01m[Kvoid (*)()[m[K’
   18 |     n.subscribe("nodo non esistente", 1000, &mapCallback[01;36m[K)[m[K;
      |                                                         [01;36m[K^[m[K
In file included from [01m[K/opt/ros/noetic/include/ros/ros.h:45[m[K,
                 from [01m[K/home/lattinone/catkin_ws/simple_planner_ws/src/simple_planner/src/main_node.cpp:3[m[K:
[01m[K/opt/ros/noetic/include/ros/node_handle.h:540:14:[m[K [01;36m[Knote: [m[Kcandidate: ‘[01m[Ktemplate<class M, class T> ros::Subscriber ros::NodeHandle::subscribe(const string&, uint32_t, void (T::*)(M) const, const boost::shared_ptr<U>&, const ros::TransportHints&)[m[K’
  540 |   Subscriber [01;36m[Ksubscribe[m[K(const std::string& topic, uint32_t queue_size, void(T::*fp)(M) const,
      |              [01;36m[K^~~~~~~~~[m[K
[01m[K/opt/ros/noetic/include/ros/node_handle.h:540:14:[m[K [01;36m[Knote: [m[K  template argument deduction/substitution failed:
[01m[K/home/lattinone/catkin_ws/simple_planner_ws/src/simple_planner/src/main_node.cpp:18:57:[m[K [01;36m[Knote: [m[K  mismatched types ‘[01m[Kvoid (T::*)(M) const[m[K’ and ‘[01m[Kvoid (*)()[m[K’
   18 |     n.subscribe("nodo non esistente", 1000, &mapCallback[01;36m[K)[m[K;
      |                                                         [01;36m[K^[m[K
In file included from [01m[K/opt/ros/noetic/include/ros/ros.h:45[m[K,
                 from [01m[K/home/lattinone/catkin_ws/simple_planner_ws/src/simple_planner/src/main_node.cpp:3[m[K:
[01m[K/opt/ros/noetic/include/ros/node_handle.h:594:14:[m[K [01;36m[Knote: [m[Kcandidate: ‘[01m[Ktemplate<class M, class T> ros::Subscriber ros::NodeHandle::subscribe(const string&, uint32_t, void (T::*)(const boost::shared_ptr<const M>&), const boost::shared_ptr<U>&, const ros::TransportHints&)[m[K’
  594 |   Subscriber [01;36m[Ksubscribe[m[K(const std::string& topic, uint32_t queue_size,
      |              [01;36m[K^~~~~~~~~[m[K
[01m[K/opt/ros/noetic/include/ros/node_handle.h:594:14:[m[K [01;36m[Knote: [m[K  template argument deduction/substitution failed:
[01m[K/home/lattinone/catkin_ws/simple_planner_ws/src/simple_planner/src/main_node.cpp:18:57:[m[K [01;36m[Knote: [m[K  mismatched types ‘[01m[Kvoid (T::*)(const boost::shared_ptr<const M>&)[m[K’ and ‘[01m[Kvoid (*)()[m[K’
   18 |     n.subscribe("nodo non esistente", 1000, &mapCallback[01;36m[K)[m[K;
      |                                                         [01;36m[K^[m[K
In file included from [01m[K/opt/ros/noetic/include/ros/ros.h:45[m[K,
                 from [01m[K/home/lattinone/catkin_ws/simple_planner_ws/src/simple_planner/src/main_node.cpp:3[m[K:
[01m[K/opt/ros/noetic/include/ros/node_handle.h:605:14:[m[K [01;36m[Knote: [m[Kcandidate: ‘[01m[Ktemplate<class M, class T> ros::Subscriber ros::NodeHandle::subscribe(const string&, uint32_t, void (T::*)(const boost::shared_ptr<const M>&) const, const boost::shared_ptr<U>&, const ros::TransportHints&)[m[K’
  605 |   Subscriber [01;36m[Ksubscribe[m[K(const std::string& topic, uint32_t queue_size,
      |              [01;36m[K^~~~~~~~~[m[K
[01m[K/opt/ros/noetic/include/ros/node_handle.h:605:14:[m[K [01;36m[Knote: [m[K  template argument deduction/substitution failed:
[01m[K/home/lattinone/catkin_ws/simple_planner_ws/src/simple_planner/src/main_node.cpp:18:57:[m[K [01;36m[Knote: [m[K  mismatched types ‘[01m[Kvoid (T::*)(const boost::shared_ptr<const M>&) const[m[K’ and ‘[01m[Kvoid (*)()[m[K’
   18 |     n.subscribe("nodo non esistente", 1000, &mapCallback[01;36m[K)[m[K;
      |                                                         [01;36m[K^[m[K
In file included from [01m[K/opt/ros/noetic/include/ros/ros.h:45[m[K,
                 from [01m[K/home/lattinone/catkin_ws/simple_planner_ws/src/simple_planner/src/main_node.cpp:3[m[K:
[01m[K/opt/ros/noetic/include/ros/node_handle.h:656:14:[m[K [01;36m[Knote: [m[Kcandidate: ‘[01m[Ktemplate<class M> ros::Subscriber ros::NodeHandle::subscribe(const string&, uint32_t, void (*)(M), const ros::TransportHints&)[m[K’
  656 |   Subscriber [01;36m[Ksubscribe[m[K(const std::string& topic, uint32_t queue_size, void(*fp)(M), const TransportHints& transport_hints = TransportHints())
      |              [01;36m[K^~~~~~~~~[m[K
In file included from [01m[K/opt/ros/noetic/include/ros/ros.h:45[m[K,
                 from [01m[K/home/lattinone/catkin_ws/simple_planner_ws/src/simple_planner/src/main_node.cpp:3[m[K:
[01m[K/opt/ros/noetic/include/ros/node_handle.h:402:14:[m[K [01;36m[Knote: [m[Kcandidate: ‘[01m[Ktemplate<class M, class T> ros::Subscriber ros::NodeHandle::subscribe(const string&, uint32_t, void (T::*)(M), T*, const ros::TransportHints&)[m[K’
  402 |   Subscriber [01;36m[Ksubscribe[m[K(const std::string& topic, uint32_t queue_size, void(T::*fp)(M), T* obj,
      |              [01;36m[K^~~~~~~~~[m[K
In file included from [01m[K/opt/ros/noetic/include/ros/ros.h:45[m[K,
                 from [01m[K/home/lattinone/catkin_ws/simple_planner_ws/src/simple_planner/src/main_node.cpp:3[m[K:
[01m[K/opt/ros/noetic/include/ros/node_handle.h:465:14:[m[K [01;36m[Knote: [m[Kcandidate: ‘[01m[Ktemplate<class M, class T> ros::Subscriber ros::NodeHandle::subscribe(const string&, uint32_t, void (T::*)(const boost::shared_ptr<const M>&), T*, const ros::TransportHints&)[m[K’
  465 |   Subscriber [01;36m[Ksubscribe[m[K(const std::string& topic, uint32_t queue_size,
      |              [01;36m[K^~~~~~~~~[m[K
[01m[K/opt/ros/noetic/include/ros/node_handle.h:402:14:[m[K [01;36m[Knote: [m[K  template argument deduction/substitution failed:
[01m[K/home/lattinone/catkin_ws/simple_planner_ws/src/simple_planner/src/main_node.cpp:18:57:[m[K [01;36m[Knote: [m[K  mismatched types ‘[01m[Kvoid (T::*)(M)[m[K’ and ‘[01m[Kvoid (*)()[m[K’
   18 |     n.subscribe("nodo non esistente", 1000, &mapCallback[01;36m[K)[m[K;
      |                                                         [01;36m[K^[m[K
[01m[K/opt/ros/noetic/include/ros/node_handle.h:656:14:[m[K [01;36m[Knote: [m[K  template argument deduction/substitution failed:
[01m[K/home/lattinone/catkin_ws/simple_planner_ws/src/simple_planner/src/main_node.cpp:18:57:[m[K [01;36m[Knote: [m[K  candidate expects 1 argument, 0 provided
   18 |     n.subscribe("nodo non esistente", 1000, &mapCallback[01;36m[K)[m[K;
      |                                                         [01;36m[K^[m[K
In file included from [01m[K/opt/ros/noetic/include/ros/ros.h:45[m[K,
                 from [01m[K/home/lattinone/catkin_ws/simple_planner_ws/src/simple_planner/src/main_node.cpp:3[m[K:
[01m[K/opt/ros/noetic/include/ros/node_handle.h:413:14:[m[K [01;36m[Knote: [m[Kcandidate: ‘[01m[Ktemplate<class M, class T> ros::Subscriber ros::NodeHandle::subscribe(const string&, uint32_t, void (T::*)(M) const, T*, const ros::TransportHints&)[m[K’
  413 |   Subscriber [01;36m[Ksubscribe[m[K(const std::string& topic, uint32_t queue_size, void(T::*fp)(M) const, T* obj,
      |              [01;36m[K^~~~~~~~~[m[K
[01m[K/opt/ros/noetic/include/ros/node_handle.h:413:14:[m[K [01;36m[Knote: [m[K  template argument deduction/substitution failed:
[01m[K/home/lattinone/catkin_ws/simple_planner_ws/src/simple_planner/src/main_node.cpp:18:57:[m[K [01;36m[Knote: [m[K  mismatched types ‘[01m[Kvoid (T::*)(M) const[m[K’ and ‘[01m[Kvoid (*)()[m[K’
   18 |     n.subscribe("nodo non esistente", 1000, &mapCallback[01;36m[K)[m[K;
      |                                                         [01;36m[K^[m[K
In file included from [01m[K/opt/ros/noetic/include/ros/ros.h:45[m[K,
                 from [01m[K/home/lattinone/catkin_ws/simple_planner_ws/src/simple_planner/src/main_node.cpp:3[m[K:
[01m[K/opt/ros/noetic/include/ros/node_handle.h:465:14:[m[K [01;36m[Knote: [m[Kcandidate: ‘[01m[Ktemplate<class M, class T> ros::Subscriber ros::NodeHandle::subscribe(const string&, uint32_t, void (T::*)(const boost::shared_ptr<const M>&), T*, const ros::TransportHints&)[m[K’
  465 |   Subscriber [01;36m[Ksubscribe[m[K(const std::string& topic, uint32_t queue_size,
      |              [01;36m[K^~~~~~~~~[m[K
[01m[K/opt/ros/noetic/include/ros/node_handle.h:465:14:[m[K [01;36m[Knote: [m[K  template argument deduction/substitution failed:
[01m[K/home/lattinone/catkin_ws/simple_planner_ws/src/simple_planner/src/main_node.cpp:18:57:[m[K [01;36m[Knote: [m[K  mismatched types ‘[01m[Kvoid (T::*)(const boost::shared_ptr<const M>&)[m[K’ and ‘[01m[Kvoid (*)()[m[K’
   18 |     n.subscribe("nodo non esistente", 1000, &mapCallback[01;36m[K)[m[K;
      |                                                         [01;36m[K^[m[K
In file included from [01m[K/opt/ros/noetic/include/ros/ros.h:45[m[K,
                 from [01m[K/home/lattinone/catkin_ws/simple_planner_ws/src/simple_planner/src/main_node.cpp:3[m[K:
[01m[K/opt/ros/noetic/include/ros/node_handle.h:475:14:[m[K [01;36m[Knote: [m[Kcandidate: ‘[01m[Ktemplate<class M, class T> ros::Subscriber ros::NodeHandle::subscribe(const string&, uint32_t, void (T::*)(const boost::shared_ptr<const M>&) const, T*, const ros::TransportHints&)[m[K’
  475 |   Subscriber [01;36m[Ksubscribe[m[K(const std::string& topic, uint32_t queue_size,
      |              [01;36m[K^~~~~~~~~[m[K
[01m[K/opt/ros/noetic/include/ros/node_handle.h:475:14:[m[K [01;36m[Knote: [m[K  template argument deduction/substitution failed:
[01m[K/home/lattinone/catkin_ws/simple_planner_ws/src/simple_planner/src/main_node.cpp:18:57:[m[K [01;36m[Knote: [m[K  mismatched types ‘[01m[Kvoid (T::*)(const boost::shared_ptr<const M>&) const[m[K’ and ‘[01m[Kvoid (*)()[m[K’
   18 |     n.subscribe("nodo non esistente", 1000, &mapCallback[01;36m[K)[m[K;
      |                                                         [01;36m[K^[m[K
In file included from [01m[K/opt/ros/noetic/include/ros/ros.h:45[m[K,
                 from [01m[K/home/lattinone/catkin_ws/simple_planner_ws/src/simple_planner/src/main_node.cpp:3[m[K:
[01m[K/opt/ros/noetic/include/ros/node_handle.h:529:14:[m[K [01;36m[Knote: [m[Kcandidate: ‘[01m[Ktemplate<class M, class T> ros::Subscriber ros::NodeHandle::subscribe(const string&, uint32_t, void (T::*)(M), const boost::shared_ptr<U>&, const ros::TransportHints&)[m[K’
  529 |   Subscriber [01;36m[Ksubscribe[m[K(const std::string& topic, uint32_t queue_size, void(T::*fp)(M),
      |              [01;36m[K^~~~~~~~~[m[K
[01m[K/opt/ros/noetic/include/ros/node_handle.h:529:14:[m[K [01;36m[Knote: [m[K  template argument deduction/substitution failed:
[01m[K/home/lattinone/catkin_ws/simple_planner_ws/src/simple_planner/src/main_node.cpp:18:57:[m[K [01;36m[Knote: [m[K  mismatched types ‘[01m[Kvoid (T::*)(M)[m[K’ and ‘[01m[Kvoid (*)()[m[K’
   18 |     n.subscribe("nodo non esistente", 1000, &mapCallback[01;36m[K)[m[K;
      |                                                         [01;36m[K^[m[K
In file included from [01m[K/opt/ros/noetic/include/ros/ros.h:45[m[K,
                 from [01m[K/home/lattinone/catkin_ws/simple_planner_ws/src/simple_planner/src/main_node.cpp:3[m[K:
[01m[K/opt/ros/noetic/include/ros/node_handle.h:540:14:[m[K [01;36m[Knote: [m[Kcandidate: ‘[01m[Ktemplate<class M, class T> ros::Subscriber ros::NodeHandle::subscribe(const string&, uint32_t, void (T::*)(M) const, const boost::shared_ptr<U>&, const ros::TransportHints&)[m[K’
  540 |   Subscriber [01;36m[Ksubscribe[m[K(const std::string& topic, uint32_t queue_size, void(T::*fp)(M) const,
      |              [01;36m[K^~~~~~~~~[m[K
[01m[K/opt/ros/noetic/include/ros/node_handle.h:540:14:[m[K [01;36m[Knote: [m[K  template argument deduction/substitution failed:
[01m[K/home/lattinone/catkin_ws/simple_planner_ws/src/simple_planner/src/main_node.cpp:18:57:[m[K [01;36m[Knote: [m[K  mismatched types ‘[01m[Kvoid (T::*)(M) const[m[K’ and ‘[01m[Kvoid (*)()[m[K’
   18 |     n.subscribe("nodo non esistente", 1000, &mapCallback[01;36m[K)[m[K;
      |                                                         [01;36m[K^[m[K
In file included from [01m[K/opt/ros/noetic/include/ros/ros.h:45[m[K,
                 from [01m[K/home/lattinone/catkin_ws/simple_planner_ws/src/simple_planner/src/main_node.cpp:3[m[K:
[01m[K/opt/ros/noetic/include/ros/node_handle.h:594:14:[m[K [01;36m[Knote: [m[Kcandidate: ‘[01m[Ktemplate<class M, class T> ros::Subscriber ros::NodeHandle::subscribe(const string&, uint32_t, void (T::*)(const boost::shared_ptr<const M>&), const boost::shared_ptr<U>&, const ros::TransportHints&)[m[K’
  594 |   Subscriber [01;36m[Ksubscribe[m[K(const std::string& topic, uint32_t queue_size,
      |              [01;36m[K^~~~~~~~~[m[K
[01m[K/opt/ros/noetic/include/ros/node_handle.h:594:14:[m[K [01;36m[Knote: [m[K  template argument deduction/substitution failed:
[01m[K/home/lattinone/catkin_ws/simple_planner_ws/src/simple_planner/src/main_node.cpp:18:57:[m[K [01;36m[Knote: [m[K  mismatched types ‘[01m[Kvoid (T::*)(const boost::shared_ptr<const M>&)[m[K’ and ‘[01m[Kvoid (*)()[m[K’
   18 |     n.subscribe("nodo non esistente", 1000, &mapCallback[01;36m[K)[m[K;
      |                                                         [01;36m[K^[m[K
In file included from [01m[K/opt/ros/noetic/include/ros/ros.h:45[m[K,
                 from [01m[K/home/lattinone/catkin_ws/simple_planner_ws/src/simple_planner/src/main_node.cpp:3[m[K:
[01m[K/opt/ros/noetic/include/ros/node_handle.h:605:14:[m[K [01;36m[Knote: [m[Kcandidate: ‘[01m[Ktemplate<class M, class T> ros::Subscriber ros::NodeHandle::subscribe(const string&, uint32_t, void (T::*)(const boost::shared_ptr<const M>&) const, const boost::shared_ptr<U>&, const ros::TransportHints&)[m[K’
  605 |   Subscriber [01;36m[Ksubscribe[m[K(const std::string& topic, uint32_t queue_size,
      |              [01;36m[K^~~~~~~~~[m[K
[01m[K/opt/ros/noetic/include/ros/node_handle.h:605:14:[m[K [01;36m[Knote: [m[K  template argument deduction/substitution failed:
[01m[K/home/lattinone/catkin_ws/simple_planner_ws/src/simple_planner/src/main_node.cpp:18:57:[m[K [01;36m[Knote: [m[K  mismatched types ‘[01m[Kvoid (T::*)(const boost::shared_ptr<const M>&) const[m[K’ and ‘[01m[Kvoid (*)()[m[K’
   18 |     n.subscribe("nodo non esistente", 1000, &mapCallback[01;36m[K)[m[K;
      |                                                         [01;36m[K^[m[K
In file included from [01m[K/opt/ros/noetic/include/ros/ros.h:45[m[K,
                 from [01m[K/home/lattinone/catkin_ws/simple_planner_ws/src/simple_planner/src/main_node.cpp:3[m[K:
[01m[K/opt/ros/noetic/include/ros/node_handle.h:656:14:[m[K [01;36m[Knote: [m[Kcandidate: ‘[01m[Ktemplate<class M> ros::Subscriber ros::NodeHandle::subscribe(const string&, uint32_t, void (*)(M), const ros::TransportHints&)[m[K’
  656 |   Subscriber [01;36m[Ksubscribe[m[K(const std::string& topic, uint32_t queue_size, void(*fp)(M), const TransportHints& transport_hints = TransportHints())
      |              [01;36m[K^~~~~~~~~[m[K
[01m[K/opt/ros/noetic/include/ros/node_handle.h:656:14:[m[K [01;36m[Knote: [m[K  template argument deduction/substitution failed:
[01m[K/home/lattinone/catkin_ws/simple_planner_ws/src/simple_planner/src/main_node.cpp:18:57:[m[K [01;36m[Knote: [m[K  candidate expects 1 argument, 0 provided
   18 |     n.subscribe("nodo non esistente", 1000, &mapCallback[01;36m[K)[m[K;
      |                                                         [01;36m[K^[m[K
In file included from [01m[K/opt/ros/noetic/include/ros/ros.h:45[m[K,
                 from [01m[K/home/lattinone/catkin_ws/simple_planner_ws/src/simple_planner/src/main_node.cpp:3[m[K:
[01m[K/opt/ros/noetic/include/ros/node_handle.h:704:14:[m[K [01;36m[Knote: [m[Kcandidate: ‘[01m[Ktemplate<class M> ros::Subscriber ros::NodeHandle::subscribe(const string&, uint32_t, void (*)(const boost::shared_ptr<const M>&), const ros::TransportHints&)[m[K’
  704 |   Subscriber [01;36m[Ksubscribe[m[K(const std::string& topic, uint32_t queue_size, void(*fp)(const boost::shared_ptr<M const>&), const TransportHints& transport_hints = TransportHints())
      |              [01;36m[K^~~~~~~~~[m[K
[01m[K/opt/ros/noetic/include/ros/node_handle.h:704:14:[m[K [01;36m[Knote: [m[K  template argument deduction/substitution failed:
[01m[K/home/lattinone/catkin_ws/simple_planner_ws/src/simple_planner/src/main_node.cpp:18:57:[m[K [01;36m[Knote: [m[K  candidate expects 1 argument, 0 provided
   18 |     n.subscribe("nodo non esistente", 1000, &mapCallback[01;36m[K)[m[K;
      |                                                         [01;36m[K^[m[K
In file included from [01m[K/opt/ros/noetic/include/ros/ros.h:45[m[K,
                 from [01m[K/home/lattinone/catkin_ws/simple_planner_ws/src/simple_planner/src/main_node.cpp:3[m[K:
[01m[K/opt/ros/noetic/include/ros/node_handle.h:750:14:[m[K [01;36m[Knote: [m[Kcandidate: ‘[01m[Ktemplate<class M> ros::Subscriber ros::NodeHandle::subscribe(const string&, uint32_t, const boost::function<void(const boost::shared_ptr<const M>&)>&, const VoidConstPtr&, const ros::TransportHints&)[m[K’
  750 |   Subscriber [01;36m[Ksubscribe[m[K(const std::string& topic, uint32_t queue_size, const boost::function<void (const boost::shared_ptr<M const>&)>& callback,
      |              [01;36m[K^~~~~~~~~[m[K
[01m[K/opt/ros/noetic/include/ros/node_handle.h:750:14:[m[K [01;36m[Knote: [m[K  template argument deduction/substitution failed:
[01m[K/home/lattinone/catkin_ws/simple_planner_ws/src/simple_planner/src/main_node.cpp:18:57:[m[K [01;36m[Knote: [m[K  mismatched types ‘[01m[Kconst boost::function<void(const boost::shared_ptr<const M>&)>[m[K’ and ‘[01m[Kvoid (*)()[m[K’
   18 |     n.subscribe("nodo non esistente", 1000, &mapCallback[01;36m[K)[m[K;
      |                                                         [01;36m[K^[m[K
In file included from [01m[K/opt/ros/noetic/include/ros/ros.h:45[m[K,
                 from [01m[K/home/lattinone/catkin_ws/simple_planner_ws/src/simple_planner/src/main_node.cpp:3[m[K:
[01m[K/opt/ros/noetic/include/ros/node_handle.h:799:14:[m[K [01;36m[Knote: [m[Kcandidate: ‘[01m[Ktemplate<class M, class C> ros::Subscriber ros::NodeHandle::subscribe(const string&, uint32_t, const boost::function<void(C)>&, const VoidConstPtr&, const ros::TransportHints&)[m[K’
  799 |   Subscriber [01;36m[Ksubscribe[m[K(const std::string& topic, uint32_t queue_size, const boost::function<void (C)>& callback,
      |              [01;36m[K^~~~~~~~~[m[K
[01m[K/opt/ros/noetic/include/ros/node_handle.h:799:14:[m[K [01;36m[Knote: [m[K  template argument deduction/substitution failed:
[01m[K/home/lattinone/catkin_ws/simple_planner_ws/src/simple_planner/src/main_node.cpp:18:57:[m[K [01;36m[Knote: [m[K  mismatched types ‘[01m[Kconst boost::function<void(C)>[m[K’ and ‘[01m[Kvoid (*)()[m[K’
   18 |     n.subscribe("nodo non esistente", 1000, &mapCallback[01;36m[K)[m[K;
      |                                                         [01;36m[K^[m[K
In file included from [01m[K/opt/ros/noetic/include/ros/ros.h:45[m[K,
                 from [01m[K/home/lattinone/catkin_ws/simple_planner_ws/src/simple_planner/src/main_node.cpp:3[m[K:
[01m[K/opt/ros/noetic/include/ros/node_handle.h:836:14:[m[K [01;36m[Knote: [m[Kcandidate: ‘[01m[Kros::Subscriber ros::NodeHandle::subscribe(ros::SubscribeOptions&)[m[K’
  836 |   Subscriber [01;36m[Ksubscribe[m[K(SubscribeOptions& ops);
      |              [01;36m[K^~~~~~~~~[m[K
[01m[K/opt/ros/noetic/include/ros/node_handle.h:836:14:[m[K [01;36m[Knote: [m[K  candidate expects 1 argument, 3 provided
In file included from [01m[K/opt/ros/noetic/include/ros/ros.h:45[m[K,
                 from [01m[K/home/lattinone/catkin_ws/simple_planner_ws/src/simple_planner/src/main_node.cpp:3[m[K:
[01m[K/opt/ros/noetic/include/ros/node_handle.h:704:14:[m[K [01;36m[Knote: [m[Kcandidate: ‘[01m[Ktemplate<class M> ros::Subscriber ros::NodeHandle::subscribe(const string&, uint32_t, void (*)(const boost::shared_ptr<const M>&), const ros::TransportHints&)[m[K’
  704 |   Subscriber [01;36m[Ksubscribe[m[K(const std::string& topic, uint32_t queue_size, void(*fp)(const boost::shared_ptr<M const>&), const TransportHints& transport_hints = TransportHints())
      |              [01;36m[K^~~~~~~~~[m[K
[01m[K/opt/ros/noetic/include/ros/node_handle.h:704:14:[m[K [01;36m[Knote: [m[K  template argument deduction/substitution failed:
[01m[K/home/lattinone/catkin_ws/simple_planner_ws/src/simple_planner/src/main_node.cpp:18:57:[m[K [01;36m[Knote: [m[K  candidate expects 1 argument, 0 provided
   18 |     n.subscribe("nodo non esistente", 1000, &mapCallback[01;36m[K)[m[K;
      |                                                         [01;36m[K^[m[K
In file included from [01m[K/opt/ros/noetic/include/ros/ros.h:45[m[K,
                 from [01m[K/home/lattinone/catkin_ws/simple_planner_ws/src/simple_planner/src/main_node.cpp:3[m[K:
[01m[K/opt/ros/noetic/include/ros/node_handle.h:750:14:[m[K [01;36m[Knote: [m[Kcandidate: ‘[01m[Ktemplate<class M> ros::Subscriber ros::NodeHandle::subscribe(const string&, uint32_t, const boost::function<void(const boost::shared_ptr<const M>&)>&, const VoidConstPtr&, const ros::TransportHints&)[m[K’
  750 |   Subscriber [01;36m[Ksubscribe[m[K(const std::string& topic, uint32_t queue_size, const boost::function<void (const boost::shared_ptr<M const>&)>& callback,
      |              [01;36m[K^~~~~~~~~[m[K
[01m[K/opt/ros/noetic/include/ros/node_handle.h:750:14:[m[K [01;36m[Knote: [m[K  template argument deduction/substitution failed:
[01m[K/home/lattinone/catkin_ws/simple_planner_ws/src/simple_planner/src/main_node.cpp:18:57:[m[K [01;36m[Knote: [m[K  mismatched types ‘[01m[Kconst boost::function<void(const boost::shared_ptr<const M>&)>[m[K’ and ‘[01m[Kvoid (*)()[m[K’
   18 |     n.subscribe("nodo non esistente", 1000, &mapCallback[01;36m[K)[m[K;
      |                                                         [01;36m[K^[m[K
In file included from [01m[K/opt/ros/noetic/include/ros/ros.h:45[m[K,
                 from [01m[K/home/lattinone/catkin_ws/simple_planner_ws/src/simple_planner/src/main_node.cpp:3[m[K:
[01m[K/opt/ros/noetic/include/ros/node_handle.h:799:14:[m[K [01;36m[Knote: [m[Kcandidate: ‘[01m[Ktemplate<class M, class C> ros::Subscriber ros::NodeHandle::subscribe(const string&, uint32_t, const boost::function<void(C)>&, const VoidConstPtr&, const ros::TransportHints&)[m[K’
  799 |   Subscriber [01;36m[Ksubscribe[m[K(const std::string& topic, uint32_t queue_size, const boost::function<void (C)>& callback,
      |              [01;36m[K^~~~~~~~~[m[K
[01m[K/opt/ros/noetic/include/ros/node_handle.h:799:14:[m[K [01;36m[Knote: [m[K  template argument deduction/substitution failed:
[01m[K/home/lattinone/catkin_ws/simple_planner_ws/src/simple_planner/src/main_node.cpp:18:57:[m[K [01;36m[Knote: [m[K  mismatched types ‘[01m[Kconst boost::function<void(C)>[m[K’ and ‘[01m[Kvoid (*)()[m[K’
   18 |     n.subscribe("nodo non esistente", 1000, &mapCallback[01;36m[K)[m[K;
      |                                                         [01;36m[K^[m[K
In file included from [01m[K/opt/ros/noetic/include/ros/ros.h:45[m[K,
                 from [01m[K/home/lattinone/catkin_ws/simple_planner_ws/src/simple_planner/src/main_node.cpp:3[m[K:
[01m[K/opt/ros/noetic/include/ros/node_handle.h:836:14:[m[K [01;36m[Knote: [m[Kcandidate: ‘[01m[Kros::Subscriber ros::NodeHandle::subscribe(ros::SubscribeOptions&)[m[K’
  836 |   Subscriber [01;36m[Ksubscribe[m[K(SubscribeOptions& ops);
      |              [01;36m[K^~~~~~~~~[m[K
[01m[K/opt/ros/noetic/include/ros/node_handle.h:836:14:[m[K [01;36m[Knote: [m[K  candidate expects 1 argument, 3 provided
[01m[K/opt/ros/noetic/include/ros/node_handle.h:465:14:[m[K [01;36m[Knote: [m[K  template argument deduction/substitution failed:
[01m[K/home/lattinone/catkin_ws/simple_planner_ws/src/simple_planner/src/main_node.cpp:18:57:[m[K [01;36m[Knote: [m[K  mismatched types ‘[01m[Kvoid (T::*)(const boost::shared_ptr<const M>&)[m[K’ and ‘[01m[Kvoid (*)()[m[K’
   18 |     n.subscribe("nodo non esistente", 1000, &mapCallback[01;36m[K)[m[K;
      |                                                         [01;36m[K^[m[K
In file included from [01m[K/opt/ros/noetic/include/ros/ros.h:45[m[K,
                 from [01m[K/home/lattinone/catkin_ws/simple_planner_ws/src/simple_planner/src/main_node.cpp:3[m[K:
[01m[K/opt/ros/noetic/include/ros/node_handle.h:475:14:[m[K [01;36m[Knote: [m[Kcandidate: ‘[01m[Ktemplate<class M, class T> ros::Subscriber ros::NodeHandle::subscribe(const string&, uint32_t, void (T::*)(const boost::shared_ptr<const M>&) const, T*, const ros::TransportHints&)[m[K’
  475 |   Subscriber [01;36m[Ksubscribe[m[K(const std::string& topic, uint32_t queue_size,
      |              [01;36m[K^~~~~~~~~[m[K
[01m[K/opt/ros/noetic/include/ros/node_handle.h:475:14:[m[K [01;36m[Knote: [m[K  template argument deduction/substitution failed:
[01m[K/home/lattinone/catkin_ws/simple_planner_ws/src/simple_planner/src/main_node.cpp:18:57:[m[K [01;36m[Knote: [m[K  mismatched types ‘[01m[Kvoid (T::*)(const boost::shared_ptr<const M>&) const[m[K’ and ‘[01m[Kvoid (*)()[m[K’
   18 |     n.subscribe("nodo non esistente", 1000, &mapCallback[01;36m[K)[m[K;
      |                                                         [01;36m[K^[m[K
In file included from [01m[K/opt/ros/noetic/include/ros/ros.h:45[m[K,
                 from [01m[K/home/lattinone/catkin_ws/simple_planner_ws/src/simple_planner/src/main_node.cpp:3[m[K:
[01m[K/opt/ros/noetic/include/ros/node_handle.h:529:14:[m[K [01;36m[Knote: [m[Kcandidate: ‘[01m[Ktemplate<class M, class T> ros::Subscriber ros::NodeHandle::subscribe(const string&, uint32_t, void (T::*)(M), const boost::shared_ptr<U>&, const ros::TransportHints&)[m[K’
  529 |   Subscriber [01;36m[Ksubscribe[m[K(const std::string& topic, uint32_t queue_size, void(T::*fp)(M),
      |              [01;36m[K^~~~~~~~~[m[K
[01m[K/opt/ros/noetic/include/ros/node_handle.h:529:14:[m[K [01;36m[Knote: [m[K  template argument deduction/substitution failed:
[01m[K/home/lattinone/catkin_ws/simple_planner_ws/src/simple_planner/src/main_node.cpp:18:57:[m[K [01;36m[Knote: [m[K  mismatched types ‘[01m[Kvoid (T::*)(M)[m[K’ and ‘[01m[Kvoid (*)()[m[K’
   18 |     n.subscribe("nodo non esistente", 1000, &mapCallback[01;36m[K)[m[K;
      |                                                         [01;36m[K^[m[K
In file included from [01m[K/opt/ros/noetic/include/ros/ros.h:45[m[K,
                 from [01m[K/home/lattinone/catkin_ws/simple_planner_ws/src/simple_planner/src/main_node.cpp:3[m[K:
[01m[K/opt/ros/noetic/include/ros/node_handle.h:540:14:[m[K [01;36m[Knote: [m[Kcandidate: ‘[01m[Ktemplate<class M, class T> ros::Subscriber ros::NodeHandle::subscribe(const string&, uint32_t, void (T::*)(M) const, const boost::shared_ptr<U>&, const ros::TransportHints&)[m[K’
  540 |   Subscriber [01;36m[Ksubscribe[m[K(const std::string& topic, uint32_t queue_size, void(T::*fp)(M) const,
      |              [01;36m[K^~~~~~~~~[m[K
[01m[K/opt/ros/noetic/include/ros/node_handle.h:540:14:[m[K [01;36m[Knote: [m[K  template argument deduction/substitution failed:
[01m[K/home/lattinone/catkin_ws/simple_planner_ws/src/simple_planner/src/main_node.cpp:18:57:[m[K [01;36m[Knote: [m[K  mismatched types ‘[01m[Kvoid (T::*)(M) const[m[K’ and ‘[01m[Kvoid (*)()[m[K’
   18 |     n.subscribe("nodo non esistente", 1000, &mapCallback[01;36m[K)[m[K;
      |                                                         [01;36m[K^[m[K
In file included from [01m[K/opt/ros/noetic/include/ros/ros.h:45[m[K,
                 from [01m[K/home/lattinone/catkin_ws/simple_planner_ws/src/simple_planner/src/main_node.cpp:3[m[K:
[01m[K/opt/ros/noetic/include/ros/node_handle.h:594:14:[m[K [01;36m[Knote: [m[Kcandidate: ‘[01m[Ktemplate<class M, class T> ros::Subscriber ros::NodeHandle::subscribe(const string&, uint32_t, void (T::*)(const boost::shared_ptr<const M>&), const boost::shared_ptr<U>&, const ros::TransportHints&)[m[K’
  594 |   Subscriber [01;36m[Ksubscribe[m[K(const std::string& topic, uint32_t queue_size,
      |              [01;36m[K^~~~~~~~~[m[K
[01m[K/opt/ros/noetic/include/ros/node_handle.h:594:14:[m[K [01;36m[Knote: [m[K  template argument deduction/substitution failed:
[01m[K/home/lattinone/catkin_ws/simple_planner_ws/src/simple_planner/src/main_node.cpp:18:57:[m[K [01;36m[Knote: [m[K  mismatched types ‘[01m[Kvoid (T::*)(const boost::shared_ptr<const M>&)[m[K’ and ‘[01m[Kvoid (*)()[m[K’
   18 |     n.subscribe("nodo non esistente", 1000, &mapCallback[01;36m[K)[m[K;
      |                                                         [01;36m[K^[m[K
In file included from [01m[K/opt/ros/noetic/include/ros/ros.h:45[m[K,
                 from [01m[K/home/lattinone/catkin_ws/simple_planner_ws/src/simple_planner/src/main_node.cpp:3[m[K:
[01m[K/opt/ros/noetic/include/ros/node_handle.h:605:14:[m[K [01;36m[Knote: [m[Kcandidate: ‘[01m[Ktemplate<class M, class T> ros::Subscriber ros::NodeHandle::subscribe(const string&, uint32_t, void (T::*)(const boost::shared_ptr<const M>&) const, const boost::shared_ptr<U>&, const ros::TransportHints&)[m[K’
  605 |   Subscriber [01;36m[Ksubscribe[m[K(const std::string& topic, uint32_t queue_size,
      |              [01;36m[K^~~~~~~~~[m[K
[01m[K/opt/ros/noetic/include/ros/node_handle.h:605:14:[m[K [01;36m[Knote: [m[K  template argument deduction/substitution failed:
[01m[K/home/lattinone/catkin_ws/simple_planner_ws/src/simple_planner/src/main_node.cpp:18:57:[m[K [01;36m[Knote: [m[K  mismatched types ‘[01m[Kvoid (T::*)(const boost::shared_ptr<const M>&) const[m[K’ and ‘[01m[Kvoid (*)()[m[K’
   18 |     n.subscribe("nodo non esistente", 1000, &mapCallback[01;36m[K)[m[K;
      |                                                         [01;36m[K^[m[K
In file included from [01m[K/opt/ros/noetic/include/ros/ros.h:45[m[K,
                 from [01m[K/home/lattinone/catkin_ws/simple_planner_ws/src/simple_planner/src/main_node.cpp:3[m[K:
[01m[K/opt/ros/noetic/include/ros/node_handle.h:656:14:[m[K [01;36m[Knote: [m[Kcandidate: ‘[01m[Ktemplate<class M> ros::Subscriber ros::NodeHandle::subscribe(const string&, uint32_t, void (*)(M), const ros::TransportHints&)[m[K’
  656 |   Subscriber [01;36m[Ksubscribe[m[K(const std::string& topic, uint32_t queue_size, void(*fp)(M), const TransportHints& transport_hints = TransportHints())
      |              [01;36m[K^~~~~~~~~[m[K
[01m[K/opt/ros/noetic/include/ros/node_handle.h:656:14:[m[K [01;36m[Knote: [m[K  template argument deduction/substitution failed:
[01m[K/home/lattinone/catkin_ws/simple_planner_ws/src/simple_planner/src/main_node.cpp:18:57:[m[K [01;36m[Knote: [m[K  candidate expects 1 argument, 0 provided
   18 |     n.subscribe("nodo non esistente", 1000, &mapCallback[01;36m[K)[m[K;
      |                                                         [01;36m[K^[m[K
In file included from [01m[K/opt/ros/noetic/include/ros/ros.h:45[m[K,
                 from [01m[K/home/lattinone/catkin_ws/simple_planner_ws/src/simple_planner/src/main_node.cpp:3[m[K:
[01m[K/opt/ros/noetic/include/ros/node_handle.h:704:14:[m[K [01;36m[Knote: [m[Kcandidate: ‘[01m[Ktemplate<class M> ros::Subscriber ros::NodeHandle::subscribe(const string&, uint32_t, void (*)(const boost::shared_ptr<const M>&), const ros::TransportHints&)[m[K’
  704 |   Subscriber [01;36m[Ksubscribe[m[K(const std::string& topic, uint32_t queue_size, void(*fp)(const boost::shared_ptr<M const>&), const TransportHints& transport_hints = TransportHints())
      |              [01;36m[K^~~~~~~~~[m[K
[01m[K/opt/ros/noetic/include/ros/node_handle.h:704:14:[m[K [01;36m[Knote: [m[K  template argument deduction/substitution failed:
[01m[K/home/lattinone/catkin_ws/simple_planner_ws/src/simple_planner/src/main_node.cpp:18:57:[m[K [01;36m[Knote: [m[K  candidate expects 1 argument, 0 provided
   18 |     n.subscribe("nodo non esistente", 1000, &mapCallback[01;36m[K)[m[K;
      |                                                         [01;36m[K^[m[K
In file included from [01m[K/opt/ros/noetic/include/ros/ros.h:45[m[K,
                 from [01m[K/home/lattinone/catkin_ws/simple_planner_ws/src/simple_planner/src/main_node.cpp:3[m[K:
[01m[K/opt/ros/noetic/include/ros/node_handle.h:750:14:[m[K [01;36m[Knote: [m[Kcandidate: ‘[01m[Ktemplate<class M> ros::Subscriber ros::NodeHandle::subscribe(const string&, uint32_t, const boost::function<void(const boost::shared_ptr<const M>&)>&, const VoidConstPtr&, const ros::TransportHints&)[m[K’
  750 |   Subscriber [01;36m[Ksubscribe[m[K(const std::string& topic, uint32_t queue_size, const boost::function<void (const boost::shared_ptr<M const>&)>& callback,
      |              [01;36m[K^~~~~~~~~[m[K
[01m[K/opt/ros/noetic/include/ros/node_handle.h:750:14:[m[K [01;36m[Knote: [m[K  template argument deduction/substitution failed:
[01m[K/home/lattinone/catkin_ws/simple_planner_ws/src/simple_planner/src/main_node.cpp:18:57:[m[K [01;36m[Knote: [m[K  mismatched types ‘[01m[Kconst boost::function<void(const boost::shared_ptr<const M>&)>[m[K’ and ‘[01m[Kvoid (*)()[m[K’
   18 |     n.subscribe("nodo non esistente", 1000, &mapCallback[01;36m[K)[m[K;
      |                                                         [01;36m[K^[m[K
In file included from [01m[K/opt/ros/noetic/include/ros/ros.h:45[m[K,
                 from [01m[K/home/lattinone/catkin_ws/simple_planner_ws/src/simple_planner/src/main_node.cpp:3[m[K:
[01m[K/opt/ros/noetic/include/ros/node_handle.h:799:14:[m[K [01;36m[Knote: [m[Kcandidate: ‘[01m[Ktemplate<class M, class C> ros::Subscriber ros::NodeHandle::subscribe(const string&, uint32_t, const boost::function<void(C)>&, const VoidConstPtr&, const ros::TransportHints&)[m[K’
  799 |   Subscriber [01;36m[Ksubscribe[m[K(const std::string& topic, uint32_t queue_size, const boost::function<void (C)>& callback,
      |              [01;36m[K^~~~~~~~~[m[K
[01m[K/opt/ros/noetic/include/ros/node_handle.h:799:14:[m[K [01;36m[Knote: [m[K  template argument deduction/substitution failed:
[01m[K/home/lattinone/catkin_ws/simple_planner_ws/src/simple_planner/src/main_node.cpp:18:57:[m[K [01;36m[Knote: [m[K  mismatched types ‘[01m[Kconst boost::function<void(C)>[m[K’ and ‘[01m[Kvoid (*)()[m[K’
   18 |     n.subscribe("nodo non esistente", 1000, &mapCallback[01;36m[K)[m[K;
      |                                                         [01;36m[K^[m[K
In file included from [01m[K/opt/ros/noetic/include/ros/ros.h:45[m[K,
                 from [01m[K/home/lattinone/catkin_ws/simple_planner_ws/src/simple_planner/src/main_node.cpp:3[m[K:
[01m[K/opt/ros/noetic/include/ros/node_handle.h:836:14:[m[K [01;36m[Knote: [m[Kcandidate: ‘[01m[Kros::Subscriber ros::NodeHandle::subscribe(ros::SubscribeOptions&)[m[K’
  836 |   Subscriber [01;36m[Ksubscribe[m[K(SubscribeOptions& ops);
      |              [01;36m[K^~~~~~~~~[m[K
[01m[K/opt/ros/noetic/include/ros/node_handle.h:836:14:[m[K [01;36m[Knote: [m[K  candidate expects 1 argument, 3 provided
make[2]: *** [CMakeFiles/planner_node.dir/build.make:63: CMakeFiles/planner_node.dir/src/main_node.cpp.o] Error 1
make[1]: *** [CMakeFiles/Makefile2:1707: CMakeFiles/planner_node.dir/all] Error 2
make[1]: *** Waiting for unfinished jobs....
make[2]: *** [CMakeFiles/renderer_node.dir/build.make:63: CMakeFiles/renderer_node.dir/src/main_node.cpp.o] Error 1
make[1]: *** [CMakeFiles/Makefile2:1221: CMakeFiles/renderer_node.dir/all] Error 2
make[2]: *** [CMakeFiles/main_node.dir/build.make:63: CMakeFiles/main_node.dir/src/main_node.cpp.o] Error 1
make[1]: *** [CMakeFiles/Makefile2:1383: CMakeFiles/main_node.dir/all] Error 2
make: *** [Makefile:141: all] Error 2
