[01m[K/home/lattinone/catkin_ws/simple_planner_ws/src/simple_planner/src/main_node.cpp:12:58:[m[K [01;31m[Kerror: [m[K‘[01m[KNode[m[K’ was not declared in this scope
   12 | class IterablePriorityQueue : public std::priority_queue<[01;31m[KNode[m[K*, vector<Node*>> {
      |                                                          [01;31m[K^~~~[m[K
[01m[K/home/lattinone/catkin_ws/simple_planner_ws/src/simple_planner/src/main_node.cpp:12:72:[m[K [01;31m[Kerror: [m[K‘[01m[KNode[m[K’ was not declared in this scope
   12 | class IterablePriorityQueue : public std::priority_queue<Node*, vector<[01;31m[KNode[m[K*>> {
      |                                                                        [01;31m[K^~~~[m[K
[01m[K/home/lattinone/catkin_ws/simple_planner_ws/src/simple_planner/src/main_node.cpp:12:76:[m[K [01;31m[Kerror: [m[Ktemplate argument 1 is invalid
   12 | class IterablePriorityQueue : public std::priority_queue<Node*, vector<Node[01;31m[K*[m[K>> {
      |                                                                            [01;31m[K^[m[K
[01m[K/home/lattinone/catkin_ws/simple_planner_ws/src/simple_planner/src/main_node.cpp:12:76:[m[K [01;31m[Kerror: [m[Ktemplate argument 2 is invalid
[01m[K/home/lattinone/catkin_ws/simple_planner_ws/src/simple_planner/src/main_node.cpp:12:77:[m[K [01;31m[Kerror: [m[Ktemplate argument 1 is invalid
   12 | class IterablePriorityQueue : public std::priority_queue<Node*, vector<Node*[01;31m[K>>[m[K {
      |                                                                             [01;31m[K^~[m[K
[01m[K/home/lattinone/catkin_ws/simple_planner_ws/src/simple_planner/src/main_node.cpp:12:77:[m[K [01;31m[Kerror: [m[Ktemplate argument 2 is invalid
[01m[K/home/lattinone/catkin_ws/simple_planner_ws/src/simple_planner/src/main_node.cpp:12:77:[m[K [01;31m[Kerror: [m[Ktemplate argument 3 is invalid
[01m[K/home/lattinone/catkin_ws/simple_planner_ws/src/simple_planner/src/main_node.cpp:[m[K In member function ‘[01m[Kauto IterablePriorityQueue::begin() const[m[K’:
[01m[K/home/lattinone/catkin_ws/simple_planner_ws/src/simple_planner/src/main_node.cpp:16:31:[m[K [01;31m[Kerror: [m[K‘[01m[Kc[m[K’ was not declared in this scope
   16 |   auto begin() const { return [01;31m[Kc[m[K.begin(); }
      |                               [01;31m[K^[m[K
[01m[K/home/lattinone/catkin_ws/simple_planner_ws/src/simple_planner/src/main_node.cpp:[m[K In member function ‘[01m[Kauto IterablePriorityQueue::end() const[m[K’:
[01m[K/home/lattinone/catkin_ws/simple_planner_ws/src/simple_planner/src/main_node.cpp:17:29:[m[K [01;31m[Kerror: [m[K‘[01m[Kc[m[K’ was not declared in this scope
   17 |   auto end() const { return [01;31m[Kc[m[K.end(); }
      |                             [01;31m[K^[m[K
[01m[K/home/lattinone/catkin_ws/simple_planner_ws/src/simple_planner/src/main_node.cpp:[m[K In member function ‘[01m[Kstd::vector<std::pair<int, int> > Astar::plan(std::pair<int, int>, std::pair<int, int>, const std::vector<std::vector<char> >&)[m[K’:
[01m[K/home/lattinone/catkin_ws/simple_planner_ws/src/simple_planner/src/main_node.cpp:79:35:[m[K [01;31m[Kerror: [m[Kuse of deleted function ‘[01m[Kstd::unordered_set<_Value, _Hash, _Pred, _Alloc>::unordered_set() [with _Value = std::pair<int, int>; _Hash = std::hash<std::pair<int, int> >; _Pred = std::equal_to<std::pair<int, int> >; _Alloc = std::allocator<std::pair<int, int> >][m[K’
   79 |     unordered_set<pair<int, int>> [01;31m[Kreached[m[K;
      |                                   [01;31m[K^~~~~~~[m[K
In file included from [01m[K/usr/include/c++/9/unordered_set:47[m[K,
                 from [01m[K/home/lattinone/catkin_ws/simple_planner_ws/src/simple_planner/src/main_node.cpp:5[m[K:
[01m[K/usr/include/c++/9/bits/unordered_set.h:135:7:[m[K [01;36m[Knote: [m[K‘[01m[Kstd::unordered_set<_Value, _Hash, _Pred, _Alloc>::unordered_set() [with _Value = std::pair<int, int>; _Hash = std::hash<std::pair<int, int> >; _Pred = std::equal_to<std::pair<int, int> >; _Alloc = std::allocator<std::pair<int, int> >][m[K’ is implicitly deleted because the default definition would be ill-formed:
  135 |       [01;36m[Kunordered_set[m[K() = default;
      |       [01;36m[K^~~~~~~~~~~~~[m[K
[01m[K/usr/include/c++/9/bits/unordered_set.h:135:7:[m[K [01;31m[Kerror: [m[Kuse of deleted function ‘[01m[Kstd::_Hashtable<_Key, _Value, _Alloc, _ExtractKey, _Equal, _H1, _H2, _Hash, _RehashPolicy, _Traits>::_Hashtable() [with _Key = std::pair<int, int>; _Value = std::pair<int, int>; _Alloc = std::allocator<std::pair<int, int> >; _ExtractKey = std::__detail::_Identity; _Equal = std::equal_to<std::pair<int, int> >; _H1 = std::hash<std::pair<int, int> >; _H2 = std::__detail::_Mod_range_hashing; _Hash = std::__detail::_Default_ranged_hash; _RehashPolicy = std::__detail::_Prime_rehash_policy; _Traits = std::__detail::_Hashtable_traits<true, true, true>][m[K’
In file included from [01m[K/usr/include/c++/9/unordered_set:46[m[K,
                 from [01m[K/home/lattinone/catkin_ws/simple_planner_ws/src/simple_planner/src/main_node.cpp:5[m[K:
[01m[K/usr/include/c++/9/bits/hashtable.h:438:7:[m[K [01;36m[Knote: [m[K‘[01m[Kstd::_Hashtable<_Key, _Value, _Alloc, _ExtractKey, _Equal, _H1, _H2, _Hash, _RehashPolicy, _Traits>::_Hashtable() [with _Key = std::pair<int, int>; _Value = std::pair<int, int>; _Alloc = std::allocator<std::pair<int, int> >; _ExtractKey = std::__detail::_Identity; _Equal = std::equal_to<std::pair<int, int> >; _H1 = std::hash<std::pair<int, int> >; _H2 = std::__detail::_Mod_range_hashing; _Hash = std::__detail::_Default_ranged_hash; _RehashPolicy = std::__detail::_Prime_rehash_policy; _Traits = std::__detail::_Hashtable_traits<true, true, true>][m[K’ is implicitly deleted because the default definition would be ill-formed:
  438 |       [01;36m[K_Hashtable[m[K() = default;
      |       [01;36m[K^~~~~~~~~~[m[K
[01m[K/usr/include/c++/9/bits/hashtable.h:438:7:[m[K [01;31m[Kerror: [m[Kuse of deleted function ‘[01m[Kstd::__detail::_Hashtable_base<_Key, _Value, _ExtractKey, _Equal, _H1, _H2, _Hash, _Traits>::_Hashtable_base() [with _Key = std::pair<int, int>; _Value = std::pair<int, int>; _ExtractKey = std::__detail::_Identity; _Equal = std::equal_to<std::pair<int, int> >; _H1 = std::hash<std::pair<int, int> >; _H2 = std::__detail::_Mod_range_hashing; _Hash = std::__detail::_Default_ranged_hash; _Traits = std::__detail::_Hashtable_traits<true, true, true>][m[K’
In file included from [01m[K/usr/include/c++/9/bits/hashtable.h:35[m[K,
                 from [01m[K/usr/include/c++/9/unordered_set:46[m[K,
                 from [01m[K/home/lattinone/catkin_ws/simple_planner_ws/src/simple_planner/src/main_node.cpp:5[m[K:
[01m[K/usr/include/c++/9/bits/hashtable_policy.h:1822:5:[m[K [01;36m[Knote: [m[K‘[01m[Kstd::__detail::_Hashtable_base<_Key, _Value, _ExtractKey, _Equal, _H1, _H2, _Hash, _Traits>::_Hashtable_base() [with _Key = std::pair<int, int>; _Value = std::pair<int, int>; _ExtractKey = std::__detail::_Identity; _Equal = std::equal_to<std::pair<int, int> >; _H1 = std::hash<std::pair<int, int> >; _H2 = std::__detail::_Mod_range_hashing; _Hash = std::__detail::_Default_ranged_hash; _Traits = std::__detail::_Hashtable_traits<true, true, true>][m[K’ is implicitly deleted because the default definition would be ill-formed:
 1822 |     [01;36m[K_Hashtable_base[m[K() = default;
      |     [01;36m[K^~~~~~~~~~~~~~~[m[K
[01m[K/usr/include/c++/9/bits/hashtable_policy.h:1822:5:[m[K [01;31m[Kerror: [m[Kuse of deleted function ‘[01m[Kstd::__detail::_Hash_code_base<_Key, _Value, _ExtractKey, _H1, _H2, std::__detail::_Default_ranged_hash, true>::_Hash_code_base() [with _Key = std::pair<int, int>; _Value = std::pair<int, int>; _ExtractKey = std::__detail::_Identity; _H1 = std::hash<std::pair<int, int> >; _H2 = std::__detail::_Mod_range_hashing][m[K’
[01m[K/usr/include/c++/9/bits/hashtable_policy.h:1373:7:[m[K [01;36m[Knote: [m[K‘[01m[Kstd::__detail::_Hash_code_base<_Key, _Value, _ExtractKey, _H1, _H2, std::__detail::_Default_ranged_hash, true>::_Hash_code_base() [with _Key = std::pair<int, int>; _Value = std::pair<int, int>; _ExtractKey = std::__detail::_Identity; _H1 = std::hash<std::pair<int, int> >; _H2 = std::__detail::_Mod_range_hashing][m[K’ is implicitly deleted because the default definition would be ill-formed:
 1373 |       [01;36m[K_Hash_code_base[m[K() = default;
      |       [01;36m[K^~~~~~~~~~~~~~~[m[K
[01m[K/usr/include/c++/9/bits/hashtable_policy.h:1373:7:[m[K [01;31m[Kerror: [m[Kuse of deleted function ‘[01m[Kstd::__detail::_Hashtable_ebo_helper<_Nm, _Tp, true>::_Hashtable_ebo_helper() [with int _Nm = 1; _Tp = std::hash<std::pair<int, int> >][m[K’
[01m[K/usr/include/c++/9/bits/hashtable_policy.h:1096:7:[m[K [01;36m[Knote: [m[K‘[01m[Kstd::__detail::_Hashtable_ebo_helper<_Nm, _Tp, true>::_Hashtable_ebo_helper() [with int _Nm = 1; _Tp = std::hash<std::pair<int, int> >][m[K’ is implicitly deleted because the default definition would be ill-formed:
 1096 |       [01;36m[K_Hashtable_ebo_helper[m[K() = default;
      |       [01;36m[K^~~~~~~~~~~~~~~~~~~~~[m[K
[01m[K/usr/include/c++/9/bits/hashtable_policy.h:1096:7:[m[K [01;31m[Kerror: [m[Kuse of deleted function ‘[01m[Kstd::hash<std::pair<int, int> >::hash()[m[K’
In file included from [01m[K/usr/include/c++/9/bits/basic_string.h:6722[m[K,
                 from [01m[K/usr/include/c++/9/string:55[m[K,
                 from [01m[K/opt/ros/noetic/include/ros/platform.h:38[m[K,
                 from [01m[K/opt/ros/noetic/include/ros/time.h:53[m[K,
                 from [01m[K/opt/ros/noetic/include/ros/ros.h:38[m[K,
                 from [01m[K/home/lattinone/catkin_ws/simple_planner_ws/src/simple_planner/src/main_node.cpp:1[m[K:
[01m[K/usr/include/c++/9/bits/functional_hash.h:101:12:[m[K [01;36m[Knote: [m[K‘[01m[Kstd::hash<std::pair<int, int> >::hash()[m[K’ is implicitly deleted because the default definition would be ill-formed:
  101 |     struct [01;36m[Khash[m[K : __hash_enum<_Tp>
      |            [01;36m[K^~~~[m[K
[01m[K/usr/include/c++/9/bits/functional_hash.h:101:12:[m[K [01;31m[Kerror: [m[Kno matching function for call to ‘[01m[Kstd::__hash_enum<std::pair<int, int>, false>::__hash_enum()[m[K’
[01m[K/usr/include/c++/9/bits/functional_hash.h:82:7:[m[K [01;36m[Knote: [m[Kcandidate: ‘[01m[Kstd::__hash_enum<_Tp, <anonymous> >::__hash_enum(std::__hash_enum<_Tp, <anonymous> >&&) [with _Tp = std::pair<int, int>; bool <anonymous> = false][m[K’
   82 |       [01;36m[K__hash_enum[m[K(__hash_enum&&);
      |       [01;36m[K^~~~~~~~~~~[m[K
[01m[K/usr/include/c++/9/bits/functional_hash.h:82:7:[m[K [01;36m[Knote: [m[K  candidate expects 1 argument, 0 provided
[01m[K/usr/include/c++/9/bits/functional_hash.h:101:12:[m[K [01;31m[Kerror: [m[K‘[01m[Kstd::__hash_enum<_Tp, <anonymous> >::~__hash_enum() [with _Tp = std::pair<int, int>; bool <anonymous> = false][m[K’ is private within this context
  101 |     struct [01;31m[Khash[m[K : __hash_enum<_Tp>
      |            [01;31m[K^~~~[m[K
[01m[K/usr/include/c++/9/bits/functional_hash.h:83:7:[m[K [01;36m[Knote: [m[Kdeclared private here
   83 |       [01;36m[K~[m[K__hash_enum();
      |       [01;36m[K^[m[K
In file included from [01m[K/usr/include/c++/9/bits/hashtable.h:35[m[K,
                 from [01m[K/usr/include/c++/9/unordered_set:46[m[K,
                 from [01m[K/home/lattinone/catkin_ws/simple_planner_ws/src/simple_planner/src/main_node.cpp:5[m[K:
[01m[K/usr/include/c++/9/bits/hashtable_policy.h:1096:7:[m[K [01;31m[Kerror: [m[Kuse of deleted function ‘[01m[Kstd::hash<std::pair<int, int> >::~hash()[m[K’
 1096 |       [01;31m[K_Hashtable_ebo_helper[m[K() = default;
      |       [01;31m[K^~~~~~~~~~~~~~~~~~~~~[m[K
In file included from [01m[K/usr/include/c++/9/bits/basic_string.h:6722[m[K,
                 from [01m[K/usr/include/c++/9/string:55[m[K,
                 from [01m[K/opt/ros/noetic/include/ros/platform.h:38[m[K,
                 from [01m[K/opt/ros/noetic/include/ros/time.h:53[m[K,
                 from [01m[K/opt/ros/noetic/include/ros/ros.h:38[m[K,
                 from [01m[K/home/lattinone/catkin_ws/simple_planner_ws/src/simple_planner/src/main_node.cpp:1[m[K:
[01m[K/usr/include/c++/9/bits/functional_hash.h:101:12:[m[K [01;36m[Knote: [m[K‘[01m[Kstd::hash<std::pair<int, int> >::~hash()[m[K’ is implicitly deleted because the default definition would be ill-formed:
  101 |     struct [01;36m[Khash[m[K : __hash_enum<_Tp>
      |            [01;36m[K^~~~[m[K
[01m[K/usr/include/c++/9/bits/functional_hash.h:101:12:[m[K [01;31m[Kerror: [m[K‘[01m[Kstd::__hash_enum<_Tp, <anonymous> >::~__hash_enum() [with _Tp = std::pair<int, int>; bool <anonymous> = false][m[K’ is private within this context
[01m[K/usr/include/c++/9/bits/functional_hash.h:83:7:[m[K [01;36m[Knote: [m[Kdeclared private here
   83 |       [01;36m[K~[m[K__hash_enum();
      |       [01;36m[K^[m[K
In file included from [01m[K/usr/include/c++/9/bits/hashtable.h:35[m[K,
                 from [01m[K/usr/include/c++/9/unordered_set:46[m[K,
                 from [01m[K/home/lattinone/catkin_ws/simple_planner_ws/src/simple_planner/src/main_node.cpp:5[m[K:
[01m[K/usr/include/c++/9/bits/hashtable_policy.h:1373:7:[m[K [01;31m[Kerror: [m[Kuse of deleted function ‘[01m[Kstd::__detail::_Hashtable_ebo_helper<1, std::hash<std::pair<int, int> >, true>::~_Hashtable_ebo_helper()[m[K’
 1373 |       [01;31m[K_Hash_code_base[m[K() = default;
      |       [01;31m[K^~~~~~~~~~~~~~~[m[K
[01m[K/usr/include/c++/9/bits/hashtable_policy.h:1093:12:[m[K [01;36m[Knote: [m[K‘[01m[Kstd::__detail::_Hashtable_ebo_helper<1, std::hash<std::pair<int, int> >, true>::~_Hashtable_ebo_helper()[m[K’ is implicitly deleted because the default definition would be ill-formed:
 1093 |     struct [01;36m[K_Hashtable_ebo_helper<_Nm, _Tp, true>[m[K
      |            [01;36m[K^~~~~~~~~~~~~~~~~~~~~~~~~~~~~~~~~~~~~[m[K
[01m[K/usr/include/c++/9/bits/hashtable_policy.h:1093:12:[m[K [01;31m[Kerror: [m[Kuse of deleted function ‘[01m[Kstd::hash<std::pair<int, int> >::~hash()[m[K’
[01m[K/usr/include/c++/9/bits/hashtable_policy.h:1822:5:[m[K [01;31m[Kerror: [m[Kuse of deleted function ‘[01m[Kstd::__detail::_Hash_code_base<std::pair<int, int>, std::pair<int, int>, std::__detail::_Identity, std::hash<std::pair<int, int> >, std::__detail::_Mod_range_hashing, std::__detail::_Default_ranged_hash, true>::~_Hash_code_base()[m[K’
 1822 |     [01;31m[K_Hashtable_base[m[K() = default;
      |     [01;31m[K^~~~~~~~~~~~~~~[m[K
[01m[K/usr/include/c++/9/bits/hashtable_policy.h:1346:12:[m[K [01;36m[Knote: [m[K‘[01m[Kstd::__detail::_Hash_code_base<std::pair<int, int>, std::pair<int, int>, std::__detail::_Identity, std::hash<std::pair<int, int> >, std::__detail::_Mod_range_hashing, std::__detail::_Default_ranged_hash, true>::~_Hash_code_base()[m[K’ is implicitly deleted because the default definition would be ill-formed:
 1346 |     struct [01;36m[K_Hash_code_base<_Key, _Value, _ExtractKey, _H1, _H2,[m[K
      |            [01;36m[K^~~~~~~~~~~~~~~~~~~~~~~~~~~~~~~~~~~~~~~~~~~~~~~~~~~~[m[K
 1347 | [01;36m[K      _Default_ranged_hash, true>[m[K
      |       [01;36m[K~~~~~~~~~~~~~~~~~~~~~~~~~~~[m[K
[01m[K/usr/include/c++/9/bits/hashtable_policy.h:1346:12:[m[K [01;31m[Kerror: [m[Kuse of deleted function ‘[01m[Kstd::__detail::_Hashtable_ebo_helper<1, std::hash<std::pair<int, int> >, true>::~_Hashtable_ebo_helper()[m[K’
In file included from [01m[K/usr/include/c++/9/unordered_set:46[m[K,
                 from [01m[K/home/lattinone/catkin_ws/simple_planner_ws/src/simple_planner/src/main_node.cpp:5[m[K:
[01m[K/usr/include/c++/9/bits/hashtable.h:438:7:[m[K [01;31m[Kerror: [m[Kuse of deleted function ‘[01m[Kstd::__detail::_Hashtable_base<std::pair<int, int>, std::pair<int, int>, std::__detail::_Identity, std::equal_to<std::pair<int, int> >, std::hash<std::pair<int, int> >, std::__detail::_Mod_range_hashing, std::__detail::_Default_ranged_hash, std::__detail::_Hashtable_traits<true, true, true> >::~_Hashtable_base()[m[K’
  438 |       [01;31m[K_Hashtable[m[K() = default;
      |       [01;31m[K^~~~~~~~~~[m[K
In file included from [01m[K/usr/include/c++/9/bits/hashtable.h:35[m[K,
                 from [01m[K/usr/include/c++/9/unordered_set:46[m[K,
                 from [01m[K/home/lattinone/catkin_ws/simple_planner_ws/src/simple_planner/src/main_node.cpp:5[m[K:
[01m[K/usr/include/c++/9/bits/hashtable_policy.h:1770:10:[m[K [01;36m[Knote: [m[K‘[01m[Kstd::__detail::_Hashtable_base<std::pair<int, int>, std::pair<int, int>, std::__detail::_Identity, std::equal_to<std::pair<int, int> >, std::hash<std::pair<int, int> >, std::__detail::_Mod_range_hashing, std::__detail::_Default_ranged_hash, std::__detail::_Hashtable_traits<true, true, true> >::~_Hashtable_base()[m[K’ is implicitly deleted because the default definition would be ill-formed:
 1770 |   struct [01;36m[K_Hashtable_base[m[K
      |          [01;36m[K^~~~~~~~~~~~~~~[m[K
[01m[K/usr/include/c++/9/bits/hashtable_policy.h:1770:10:[m[K [01;31m[Kerror: [m[Kuse of deleted function ‘[01m[Kstd::__detail::_Hash_code_base<std::pair<int, int>, std::pair<int, int>, std::__detail::_Identity, std::hash<std::pair<int, int> >, std::__detail::_Mod_range_hashing, std::__detail::_Default_ranged_hash, true>::~_Hash_code_base()[m[K’
[01m[K/home/lattinone/catkin_ws/simple_planner_ws/src/simple_planner/src/main_node.cpp:84:14:[m[K [01;31m[Kerror: [m[K‘[01m[Kclass IterablePriorityQueue[m[K’ has no member named ‘[01m[Kpush[m[K’
   84 |     frontier.[01;31m[Kpush[m[K(start_node);
      |              [01;31m[K^~~~[m[K
[01m[K/home/lattinone/catkin_ws/simple_planner_ws/src/simple_planner/src/main_node.cpp:87:22:[m[K [01;31m[Kerror: [m[K‘[01m[Kclass IterablePriorityQueue[m[K’ has no member named ‘[01m[Kempty[m[K’
   87 |     while (!frontier.[01;31m[Kempty[m[K()) {
      |                      [01;31m[K^~~~~[m[K
[01m[K/home/lattinone/catkin_ws/simple_planner_ws/src/simple_planner/src/main_node.cpp:89:36:[m[K [01;31m[Kerror: [m[K‘[01m[Kclass IterablePriorityQueue[m[K’ has no member named ‘[01m[Ktop[m[K’
   89 |       Node* currentNode = frontier.[01;31m[Ktop[m[K();
      |                                    [01;31m[K^~~[m[K
[01m[K/home/lattinone/catkin_ws/simple_planner_ws/src/simple_planner/src/main_node.cpp:90:16:[m[K [01;31m[Kerror: [m[K‘[01m[Kclass IterablePriorityQueue[m[K’ has no member named ‘[01m[Kpop[m[K’
   90 |       frontier.[01;31m[Kpop[m[K();
      |                [01;31m[K^~~[m[K
[01m[K/home/lattinone/catkin_ws/simple_planner_ws/src/simple_planner/src/main_node.cpp:132:37:[m[K [01;31m[Kerror: [m[K‘[01m[Kvoid __for_begin [m[K’ has incomplete type
  132 |         for (const auto& openNode : [01;31m[Kfrontier[m[K) {
      |                                     [01;31m[K^~~~~~~~[m[K
[01m[K/home/lattinone/catkin_ws/simple_planner_ws/src/simple_planner/src/main_node.cpp:132:37:[m[K [01;31m[Kerror: [m[K‘[01m[Kvoid __for_end [m[K’ has incomplete type
[01m[K/home/lattinone/catkin_ws/simple_planner_ws/src/simple_planner/src/main_node.cpp:146:20:[m[K [01;31m[Kerror: [m[K‘[01m[Kclass IterablePriorityQueue[m[K’ has no member named ‘[01m[Kpush[m[K’
  146 |           frontier.[01;31m[Kpush[m[K(neighborNode);
      |                    [01;31m[K^~~~[m[K
[01m[K/home/lattinone/catkin_ws/simple_planner_ws/src/simple_planner/src/main_node.cpp:[m[K In function ‘[01m[Kint main(int, char**)[m[K’:
[01m[K/home/lattinone/catkin_ws/simple_planner_ws/src/simple_planner/src/main_node.cpp:182:7:[m[K [01;31m[Kerror: [m[Kexpected initializer before ‘[01m[Kvector[m[K’
  182 |       [01;31m[Kvector[m[K<pair<int, int>>
      |       [01;31m[K^~~~~~[m[K
[01m[K/home/lattinone/catkin_ws/simple_planner_ws/src/simple_planner/src/main_node.cpp:187:18:[m[K [01;31m[Kerror: [m[K‘[01m[Kpath[m[K’ was not declared in this scope
  187 |   for (auto& p : [01;31m[Kpath[m[K) {
      |                  [01;31m[K^~~~[m[K
In file included from [01m[K/usr/include/c++/9/unordered_set:46[m[K,
                 from [01m[K/home/lattinone/catkin_ws/simple_planner_ws/src/simple_planner/src/main_node.cpp:5[m[K:
/usr/include/c++/9/bits/hashtable.h: In instantiation of ‘[01m[Kstd::_Hashtable<_Key, _Value, _Alloc, _ExtractKey, _Equal, _H1, _H2, _Hash, _RehashPolicy, _Traits>::~_Hashtable() [with _Key = std::pair<int, int>; _Value = std::pair<int, int>; _Alloc = std::allocator<std::pair<int, int> >; _ExtractKey = std::__detail::_Identity; _Equal = std::equal_to<std::pair<int, int> >; _H1 = std::hash<std::pair<int, int> >; _H2 = std::__detail::_Mod_range_hashing; _Hash = std::__detail::_Default_ranged_hash; _RehashPolicy = std::__detail::_Prime_rehash_policy; _Traits = std::__detail::_Hashtable_traits<true, true, true>][m[K’:
[01m[K/usr/include/c++/9/bits/unordered_set.h:97:11:[m[K   required from here
[01m[K/usr/include/c++/9/bits/hashtable.h:1389:5:[m[K [01;31m[Kerror: [m[Kuse of deleted function ‘[01m[Kstd::__detail::_Hashtable_base<std::pair<int, int>, std::pair<int, int>, std::__detail::_Identity, std::equal_to<std::pair<int, int> >, std::hash<std::pair<int, int> >, std::__detail::_Mod_range_hashing, std::__detail::_Default_ranged_hash, std::__detail::_Hashtable_traits<true, true, true> >::~_Hashtable_base()[m[K’
 1389 |     [01;31m[K}[m[K
      |     [01;31m[K^[m[K
In file included from [01m[K/usr/include/c++/9/bits/hashtable.h:35[m[K,
                 from [01m[K/usr/include/c++/9/unordered_set:46[m[K,
                 from [01m[K/home/lattinone/catkin_ws/simple_planner_ws/src/simple_planner/src/main_node.cpp:5[m[K:
/usr/include/c++/9/bits/hashtable_policy.h: In instantiation of ‘[01m[Kstd::__detail::_Hash_code_base<_Key, _Value, _ExtractKey, _H1, _H2, std::__detail::_Default_ranged_hash, true>::__hash_code std::__detail::_Hash_code_base<_Key, _Value, _ExtractKey, _H1, _H2, std::__detail::_Default_ranged_hash, true>::_M_hash_code(const _Key&) const [with _Key = std::pair<int, int>; _Value = std::pair<int, int>; _ExtractKey = std::__detail::_Identity; _H1 = std::hash<std::pair<int, int> >; _H2 = std::__detail::_Mod_range_hashing; std::__detail::_Hash_code_base<_Key, _Value, _ExtractKey, _H1, _H2, std::__detail::_Default_ranged_hash, true>::__hash_code = long unsigned int][m[K’:
[01m[K/usr/include/c++/9/bits/hashtable.h:1452:19:[m[K   required from ‘[01m[Kstd::_Hashtable<_Key, _Value, _Alloc, _ExtractKey, _Equal, _H1, _H2, _Hash, _RehashPolicy, _Traits>::iterator std::_Hashtable<_Key, _Value, _Alloc, _ExtractKey, _Equal, _H1, _H2, _Hash, _RehashPolicy, _Traits>::find(const key_type&) [with _Key = std::pair<int, int>; _Value = std::pair<int, int>; _Alloc = std::allocator<std::pair<int, int> >; _ExtractKey = std::__detail::_Identity; _Equal = std::equal_to<std::pair<int, int> >; _H1 = std::hash<std::pair<int, int> >; _H2 = std::__detail::_Mod_range_hashing; _Hash = std::__detail::_Default_ranged_hash; _RehashPolicy = std::__detail::_Prime_rehash_policy; _Traits = std::__detail::_Hashtable_traits<true, true, true>; std::_Hashtable<_Key, _Value, _Alloc, _ExtractKey, _Equal, _H1, _H2, _Hash, _RehashPolicy, _Traits>::iterator = std::__detail::_Node_iterator<std::pair<int, int>, true, true>; std::_Hashtable<_Key, _Value, _Alloc, _ExtractKey, _Equal, _H1, _H2, _Hash, _RehashPolicy, _Traits>::key_type = std::pair<int, int>][m[K’
[01m[K/usr/include/c++/9/bits/unordered_set.h:651:29:[m[K   required from ‘[01m[Kstd::unordered_set<_Value, _Hash, _Pred, _Alloc>::iterator std::unordered_set<_Value, _Hash, _Pred, _Alloc>::find(const key_type&) [with _Value = std::pair<int, int>; _Hash = std::hash<std::pair<int, int> >; _Pred = std::equal_to<std::pair<int, int> >; _Alloc = std::allocator<std::pair<int, int> >; std::unordered_set<_Value, _Hash, _Pred, _Alloc>::iterator = std::__detail::_Node_iterator<std::pair<int, int>, true, true>; std::unordered_set<_Value, _Hash, _Pred, _Alloc>::key_type = std::pair<int, int>][m[K’
[01m[K/home/lattinone/catkin_ws/simple_planner_ws/src/simple_planner/src/main_node.cpp:116:52:[m[K   required from here
[01m[K/usr/include/c++/9/bits/hashtable_policy.h:1382:16:[m[K [01;31m[Kerror: [m[Kstatic assertion failed: hash function must be invocable with an argument of key type
 1382 |  static_assert([01;31m[K__is_invocable<const _H1&, const _Key&>{}[m[K,
      |                [01;31m[K^~~~~~~~~~~~~~~~~~~~~~~~~~~~~~~~~~~~~~~~~[m[K
[01m[K/usr/include/c++/9/bits/hashtable_policy.h:1384:16:[m[K [01;31m[Kerror: [m[Kno match for call to ‘[01m[K(const std::hash<std::pair<int, int> >) (const std::pair<int, int>&)[m[K’
 1384 |  return [01;31m[K_M_h1()(__k)[m[K;
      |         [01;31m[K~~~~~~~^~~~~[m[K
make[2]: *** [CMakeFiles/main_node.dir/build.make:63: CMakeFiles/main_node.dir/src/main_node.cpp.o] Error 1
make[2]: *** Waiting for unfinished jobs....
make[1]: *** [CMakeFiles/Makefile2:1352: CMakeFiles/main_node.dir/all] Error 2
make: *** [Makefile:141: all] Error 2
